Log file open, 07/05/14 19:58:17
LogInit:Display: Running engine for game: MyProject3
LogInit: Version: 4.2.0-2092659+++depot+UE4-Releases+4.2
LogInit: Compiled (64-bit): Jun  3 2014 00:56:21
LogInit: Build Configuration: Development
LogInit: Branch Name: ++depot+UE4-Releases+4.2
LogInit: Command line: 
LogInit: Base directory: D:/Program Files/Unreal Engine/4.2/Engine/Binaries/Win64/
LogInit: Rocket: 1
[2014.07.06-00.58.17:530][  0]LogTaskGraph: Started task graph with 3 named threads and 4 total threads.
[2014.07.06-00.58.17:554][  0]LogOnline:Warning: No default platform service specified for OnlineSubsystem
[2014.07.06-00.58.17:559][  0]LogInit: Presizing for 0 objects not considered by GC, pre-allocating 0 bytes.
[2014.07.06-00.58.17:563][  0]LogInit: Object subsystem initialized
[2014.07.06-00.58.17:565][  0]LogInit: Selected Device Profile: [Windows]
[2014.07.06-00.58.17:565][  0]LogInit: Applying CVar settings loaded from the selected device profile: [Windows]
[2014.07.06-00.58.17:567][  0]LogInit: Computer: CHRIS-RIG
[2014.07.06-00.58.17:567][  0]LogInit: User: Chris
[2014.07.06-00.58.17:569][  0]LogInit: CPU Page size=4096, Cores=4
[2014.07.06-00.58.17:569][  0]LogInit: High frequency timer resolution =3.420546 MHz
[2014.07.06-00.58.17:569][  0]LogMemory: Memory total: Physical=16.0GB (16GB approx) Virtual=131072.0GB
[2014.07.06-00.58.17:569][  0]LogMemory: Platform Memory Stats for Windows
[2014.07.06-00.58.17:569][  0]LogMemory: Process Physical Memory: 53.82 MB used, 53.82 MB peak
[2014.07.06-00.58.17:569][  0]LogMemory: Process Virtual Memory: 29.65 MB used, 29.65 MB peak
[2014.07.06-00.58.17:569][  0]LogMemory: Physical Memory: 3966.23 MB used, 16336.30 MB total
[2014.07.06-00.58.17:569][  0]LogMemory: Virtual Memory: 246.07 MB used, 134217728.00 MB total
[2014.07.06-00.58.17:583][  0]LogD3D11RHI: Found D3D11 adapter 0: NVIDIA GeForce GTX 660 Ti (Feature Level 11_0)
[2014.07.06-00.58.17:583][  0]LogD3D11RHI: Adapter has 1989MB of dedicated video memory, 0MB of dedicated system memory, and 2048MB of shared system memory, 2 output[s]
[2014.07.06-00.58.17:583][  0]LogD3D11RHI: Found D3D11 adapter 1: Microsoft Basic Render Driver (Feature Level 11_0)
[2014.07.06-00.58.17:583][  0]LogD3D11RHI: Adapter has 0MB of dedicated video memory, 0MB of dedicated system memory, and 256MB of shared system memory, 0 output[s]
[2014.07.06-00.58.17:583][  0]LogD3D11RHI: Chosen D3D11 Adapter Id = 0
[2014.07.06-00.58.17:595][  0]LogRHI: Texture pool is 1361 MB (70% of 1945 MB)
[2014.07.06-00.58.17:600][  0]LogD3D11RHI: Async texture creation enabled
[2014.07.06-00.58.17:675][  0]LogContentStreaming: Texture pool size is 0.000000MB
[2014.07.06-00.58.18:267][  0]LogTargetPlatformManager:Display: Building Assets For Windows
[2014.07.06-00.58.18:320][  0]LogTargetPlatformManager:Display: Building Assets For Windows
[2014.07.06-00.58.18:343][  0]LogDerivedDataCache:Display: Max Cache Size: 512 MB
[2014.07.06-00.58.18:375][  0]LogDerivedDataCache: Loaded boot cache 0.03s 39MB C:/Users/Chris/AppData/Local/UnrealEngine/4.2/DerivedDataCache/Boot.ddc.
[2014.07.06-00.58.18:375][  0]LogDerivedDataCache:Display: Loaded Boot cache: C:/Users/Chris/AppData/Local/UnrealEngine/4.2/DerivedDataCache/Boot.ddc
[2014.07.06-00.58.18:375][  0]LogDerivedDataCache: FDerivedDataBackendGraph:  Pak pak cache file C:/Users/Chris/Documents/Unreal Projects/MyProject3/DerivedDataCache/DDC.ddp not found, will not use a pak cache.
[2014.07.06-00.58.18:375][  0]LogDerivedDataCache: Unable to find inner node Pak for hierarchical cache Hierarchy.
[2014.07.06-00.58.18:382][  0]LogDerivedDataCache:Display: Pak cache opened for reading ../../../Engine/DerivedDataCache/DDC.ddp.
[2014.07.06-00.58.18:394][  0]LogDerivedDataCache: Using Local data cache path C:/Users/Chris/AppData/Local/UnrealEngine/4.2/DerivedDataCache: Writable
[2014.07.06-00.58.18:501][  0]LogMeshUtilities: No automatic mesh reduction module available
[2014.07.06-00.58.18:501][  0]LogMeshUtilities: No automatic mesh merging module available
[2014.07.06-00.58.18:711][  0]LogInit: WinSock: version 1.1 (2.2), MaxSocks=32767, MaxUdp=65467
[2014.07.06-00.58.18:926][  0]LogStreaming:Warning: Failed to read file '../../../Engine/Content/Editor/Slate/Icons/ActorIcons/GroupActor_16x.png' error.
[2014.07.06-00.58.18:926][  0]LogSlate: Could not find file for Slate resource: ../../../Engine/Content/Editor/Slate/Icons/ActorIcons/GroupActor_16x.png
[2014.07.06-00.58.18:929][  0]LogStreaming:Warning: Failed to read file '../../../Engine/Content/Editor/Slate/Icons/ActorIcons/DecalActor_16x.png' error.
[2014.07.06-00.58.18:929][  0]LogSlate: Could not find file for Slate resource: ../../../Engine/Content/Editor/Slate/Icons/ActorIcons/DecalActor_16x.png
[2014.07.06-00.58.19:120][  0]UdpMessaging: Initializing bridge on interface 0.0.0.0:0 to multicast group 230.0.0.1:6666.
[2014.07.06-00.58.19:188][  0]SourceControl: Info Source control is disabled
[2014.07.06-00.58.19:188][  0]SourceControl: Info Source control is disabled
[2014.07.06-00.58.19:191][  0]SourceControl: Info Source control is disabled
[2014.07.06-00.58.19:241][  0]BlueprintLog: New page: Editor Load
[2014.07.06-00.58.19:260][  0]LogObj: 19136 objects as part of root set at end of initial load.
[2014.07.06-00.58.19:260][  0]LogUObjectAllocator: 3804648 out of 0 bytes used by permanent object pool.
[2014.07.06-00.58.19:426][  0]LogEngine: Initializing Engine...
[2014.07.06-00.58.19:507][  0]LogInit: XAudio2 using 'Speakers (Logitech G930 Headset)' : 8 channels at 48 kHz using 16 bits per sample (channel mask 0x63f)
[2014.07.06-00.58.19:518][  0]LogInit: FAudioDevice initialized.
[2014.07.06-00.58.19:536][  0]LogDerivedDataCache: Saved boot cache 0.02s 39MB C:/Users/Chris/AppData/Local/UnrealEngine/4.2/DerivedDataCache/Boot.ddc.
[2014.07.06-00.58.19:540][  0]LogInit: Texture streaming: Enabled
[2014.07.06-00.58.19:565][  0]LogInit: Transaction tracking system initialized
[2014.07.06-00.58.19:626][  0]LogAssetRegistry: FAssetRegistry took 0.0109 seconds to start up
[2014.07.06-00.58.19:707][  0]LogModuleManager:Warning: ModuleManager: Unable to load module '' because the file was not found.
[2014.07.06-00.58.19:710][  0]LogModuleManager:Warning: ModuleManager: Unable to load module '' because the file was not found.
[2014.07.06-00.58.19:735][  0]LogConsoleResponse:Display: 
[2014.07.06-00.58.19:859][  0]SourceControl: Info Source control is disabled
[2014.07.06-00.58.19:859][  0]Cmd: MAP LOAD FILE="C:/Users/Chris/Documents/Unreal Projects/MyProject3/Content/Maps/Minimal_Default.umap" TEMPLATE=0 SHOWPROGRESS=1 WORLDCOMPOSITION=0
[2014.07.06-00.58.19:859][  0]LightingResults: New page: Lighting Build
[2014.07.06-00.58.19:863][  0]MapCheck: New page: Map Check
[2014.07.06-00.58.19:863][  0]LightingResults: New page: Lighting Build
[2014.07.06-00.58.19:872][  0]LogParticles: Destroying 0 GPU particle simulations for FXSystem 0x000000F185BD8AE0
[2014.07.06-00.58.19:978][  0]LogLinker:Warning: Asset 'C:/Users/Chris/Documents/Unreal Projects/MyProject3/Content/Props/SM_MatPreviewMesh_02.uasset' has been saved with empty engine version. The asset will be loaded but may be incompatible.
[2014.07.06-00.58.20:028][  0]LogEditorServer: Finished looking for orphan Actors (0.000 secs)
[2014.07.06-00.58.20:028][  0]Cmd: MAP CHECKDEP
[2014.07.06-00.58.20:028][  0]MapCheck: New page: Minimal_Default - Jul 5, 2014, 2:58:20 PM
[2014.07.06-00.58.20:051][  0]MapCheck: Info ========== Map Check: 0 Error(s), 0 Warning(s), [22.595ms] ==========
[2014.07.06-00.58.20:051][  0]LogFileHelpers: Loading map 'Minimal_Default' took 0.192
[2014.07.06-00.58.20:127][  0]LogCollectionManager: Loaded 0 collections in 0.000548 seconds
[2014.07.06-00.58.20:179][  0]LogCrashTracker: Crashtracker disabled due to settings.
[2014.07.06-00.58.20:180][  0]Cmd: MODE PLACEMENT
[2014.07.06-00.58.20:222][  0]LogLoad: Full Startup: 3.14 seconds (BP compile: 0.05 seconds)
[2014.07.06-00.58.20:232][  0]LogContentBrowser:Verbose: The content browser source was changed by the sources view to '/Game/Blueprints'
[2014.07.06-00.58.20:312][  0]LogRenderer:Warning: Reallocating scene render targets to support 32x32.
[2014.07.06-00.58.20:397][  0]LogRenderer:Warning: Reallocating scene render targets to support 1520x1256.
[2014.07.06-00.58.20:661][  1]LogEpicStorage:Warning: EnumerateFiles request failed. Invalid response. code=403 error=<?xml version="1.0" encoding="UTF-8"?>
<Error><Code>AccessDenied</Code><Message>Access Denied</Message><RequestId>D2DF41D56EE78C32</RequestId><HostId>A987wBplZZ197N/c+t+B0z3Jb3+7Ljqd/xZGBCSwZGPSx+O3UDq0ZRL/SraWuznGNkKtqcs3Fos=</HostId></Error>
[2014.07.06-00.58.20:689][  1]LogAssetRegistry: Asset discovery search completed in 1.0748 seconds
[2014.07.06-00.58.20:720][  2]LogEpicSurvey:Warning: EnumerateFiles request failed. Invalid response. code=403 error=<?xml version="1.0" encoding="UTF-8"?>
<Error><Code>AccessDenied</Code><Message>Access Denied</Message><RequestId>C73805D12544FB9B</RequestId><HostId>FeH8xjrD6dFzhdpyOOs6uSKrg6r62/yeu5EJjhMbd0uLYg9EZR0FI31zxhT3Orfo</HostId></Error>
[2014.07.06-00.58.20:745][  3]LogEpicStorage:Warning: EnumerateFiles request failed. Invalid response. code=403 error=<?xml version="1.0" encoding="UTF-8"?>
<Error><Code>AccessDenied</Code><Message>Access Denied</Message><RequestId>01A15ADC2229EE95</RequestId><HostId>x3Ew2JIehkL9Oz8rVULVLOclNh8b1H0CjcgKLr+bcS5UHvWguZyoOKU61gXhH537</HostId></Error>
[2014.07.06-00.58.20:759][  4]LogEpicSurvey:Warning: EnumerateFiles request failed. Invalid response. code=403 error=<?xml version="1.0" encoding="UTF-8"?>
<Error><Code>AccessDenied</Code><Message>Access Denied</Message><RequestId>348300DF6AFEC727</RequestId><HostId>9/Q5BJOhhO3rqIQIJGRaLqOZ0+6Pa3cPul6EEG74lpoCJJR7V9TUb5aMBK0YYsuR</HostId></Error>
[2014.07.06-00.58.20:885][  7]LogEpicSurvey:Warning: EnumerateFiles request failed. Invalid response. code=403 error=<?xml version="1.0" encoding="UTF-8"?>
<Error><Code>AccessDenied</Code><Message>Access Denied</Message><RequestId>7432483075E953D9</RequestId><HostId>ROaRP0AisyARMkOi0EKl1Bb2duwJGrf1VsoidhDE+I/3zPshKCMnvyv5bZbR0Q0s</HostId></Error>
[2014.07.06-00.58.20:894][  8]LogEpicStorage:Warning: ReadFile request failed. File request already pending for filename=http://cdn.unrealengine.com/newsfeed/blueprint_icon_b.png
[2014.07.06-00.58.20:894][  8]LogEpicStorage:Warning: ReadFile request failed. File request already pending for filename=http://cdn.unrealengine.com/newsfeed/blueprint_icon_b.png
[2014.07.06-00.58.24:988][272]BlueprintLog: New page: Pre-PIE auto-recompile
[2014.07.06-00.58.24:988][272]LogPlayLevel: [PIE] Compiling TemplateRoom2 before PIE...
[2014.07.06-00.58.25:022][272]LogActorComponent: UnregisterComponent: (/Engine/Transient.ProjectileMovementComponent_0) Not registered. Aborting.
[2014.07.06-00.58.25:022][272]LogActorComponent: UnregisterComponent: (/Engine/Transient.ProjectileMovementComponent_1) Not registered. Aborting.
[2014.07.06-00.58.25:038][272]LogPlayLevel: PIE:  Blueprint regeneration took 49 ms (1 blueprints)
[2014.07.06-00.58.25:038][272]PIE: New page: PIE session: Minimal_Default (Jul 5, 2014, 2:58:25 PM)
[2014.07.06-00.58.25:040][272]LogBlueprint:Warning: FMemberReference::ResolveMember (GetTransform) bSelfContext == true, but no scope supplied!
[2014.07.06-00.58.25:040][272]LogBlueprint:Warning: FMemberReference::ResolveMember (GetTransform) bSelfContext == true, but no scope supplied!
[2014.07.06-00.58.25:040][272]LogBlueprint:Warning: FMemberReference::ResolveMember (GetTransform) bSelfContext == true, but no scope supplied!
[2014.07.06-00.58.25:040][272]LogBlueprint:Warning: FMemberReference::ResolveMember (GetTransform) bSelfContext == true, but no scope supplied!
[2014.07.06-00.58.25:040][272]LogPlayLevel: PIE: StaticDuplicateObject took: (0.002314s)
[2014.07.06-00.58.25:041][272]LogPlayLevel: PIE: World Init took: (0.000464s)
[2014.07.06-00.58.25:041][272]LogPlayLevel: PIE: Created PIE world by copying editor world from /Game/Maps/Minimal_Default.Minimal_Default to /Game/Maps/UEDPIE_0_Minimal_Default.Minimal_Default (0.002931s)
[2014.07.06-00.58.25:041][272]LogWorld: Game class is 'GameMode'
[2014.07.06-00.58.25:085][272]LogWorld: Bringing World /Game/Maps/UEDPIE_0_Minimal_Default.Minimal_Default up for play (max tick rate 0) at 2014.07.05-19.58.25
[2014.07.06-00.58.25:085][272]LogWorld: Bringing up level for play took: 0.001345
[2014.07.06-00.58.25:085][272]LogPlayerController: Spawned spectator SpectatorPawn_0 [server:1]
[2014.07.06-00.58.25:085][272]LogGameMode: RestartPlayer 256
[2014.07.06-00.58.25:086][272]LogPlayerController: ClientRestart_Implementation DefaultPawn_0
[2014.07.06-00.58.25:086][272]LogPlayerController: ServerAcknowledgePossession_Implementation DefaultPawn_0
[2014.07.06-00.58.25:087][272]PIE: Info Play in editor start time for /Game/Maps/UEDPIE_0_Minimal_Default 0.981
[2014.07.06-00.58.25:151][273]LogRenderer:Warning: Reallocating scene render targets to support 1520x1264.
[2014.07.06-00.58.32:472][826]LogParticles: Destroying 0 GPU particle simulations for FXSystem 0x000000F182F80FE0
[2014.07.06-00.58.38:021][192]LogEditorViewport: Clicking on Actor (LMB): proj_C (proj)
[2014.07.06-00.58.48:570][862]LogEditorViewport: Clicking on Actor (context menu): proj_C (proj)
[2014.07.06-00.58.54:682][560]Cmd: DELETE
[2014.07.06-00.58.54:682][560]Cmd: ACTOR DELETE
[2014.07.06-00.58.54:683][560]LogEditorActor: Deleted Actor: proj_C
[2014.07.06-00.58.54:693][560]LogEditorActor: Deleted 1 Actors (0.011 secs)
[2014.07.06-00.59.46:650][438]LogActorComponent: UnregisterComponent: (/Engine/Transient.ProjectileMovementComponent_2) Not registered. Aborting.
[2014.07.06-00.59.46:650][438]LogActorComponent: UnregisterComponent: (/Engine/Transient.ProjectileMovementComponent_3) Not registered. Aborting.
[2014.07.06-00.59.55:195][ 30]LogActorComponent: UnregisterComponent: (/Engine/Transient.ProjectileMovementComponent_4) Not registered. Aborting.
[2014.07.06-00.59.57:873][153]LogActorComponent: UnregisterComponent: (/Engine/Transient.ProjectileMovementComponent_5) Not registered. Aborting.
[2014.07.06-00.59.59:588][238]BlueprintLog: New page: Compile proj
[2014.07.06-00.59.59:617][238]LogActorComponent: UnregisterComponent: (/Engine/Transient.ProjectileMovementComponent_6) Not registered. Aborting.
[2014.07.06-00.59.59:795][238]BlueprintEditorCompileResults: Info [0102.51] Compile of proj successful! [in 0 ms]
[2014.07.06-01.00.00:737][293]Cmd: OBJ SAVEPACKAGE PACKAGE="/Game/Blueprints/proj" FILE="C:/Users/Chris/Documents/Unreal Projects/MyProject3/Content/Blueprints/proj.uasset" SILENT=true
[2014.07.06-01.00.01:006][293]LogSavePackage: Save=264.004059ms
[2014.07.06-01.00.01:006][293]LogSavePackage: Moving 'C:/Users/Chris/Documents/Unreal Projects/MyProject3/Saved/proj24155C844B1B51EF0FCFC0AFC00BB37F.tmp' to 'C:/Users/Chris/Documents/Unreal Projects/MyProject3/Content/Blueprints/proj.uasset'
[2014.07.06-01.00.04:633][424]BlueprintLog: New page: Pre-PIE auto-recompile
[2014.07.06-01.00.04:634][424]LogPlayLevel: [PIE] Compiling TemplateRoom2 before PIE...
[2014.07.06-01.00.04:819][424]LogActorComponent: UnregisterComponent: (/Engine/Transient.ProjectileMovementComponent_7) Not registered. Aborting.
[2014.07.06-01.00.04:833][424]LogPlayLevel: PIE:  Blueprint regeneration took 199 ms (1 blueprints)
[2014.07.06-01.00.04:833][424]PIE: New page: PIE session: Minimal_Default (Jul 5, 2014, 3:00:04 PM)
[2014.07.06-01.00.04:835][424]LogBlueprint:Warning: FMemberReference::ResolveMember (GetTransform) bSelfContext == true, but no scope supplied!
[2014.07.06-01.00.04:835][424]LogBlueprint:Warning: FMemberReference::ResolveMember (GetTransform) bSelfContext == true, but no scope supplied!
[2014.07.06-01.00.04:835][424]LogBlueprint:Warning: FMemberReference::ResolveMember (GetTransform) bSelfContext == true, but no scope supplied!
[2014.07.06-01.00.04:835][424]LogBlueprint:Warning: FMemberReference::ResolveMember (GetTransform) bSelfContext == true, but no scope supplied!
[2014.07.06-01.00.04:835][424]LogPlayLevel: PIE: StaticDuplicateObject took: (0.002381s)
[2014.07.06-01.00.04:836][424]LogPlayLevel: PIE: World Init took: (0.000845s)
[2014.07.06-01.00.04:836][424]LogPlayLevel: PIE: Created PIE world by copying editor world from /Game/Maps/Minimal_Default.Minimal_Default to /Game/Maps/UEDPIE_0_Minimal_Default.Minimal_Default (0.003385s)
[2014.07.06-01.00.04:836][424]LogWorld: Game class is 'GameMode'
[2014.07.06-01.00.04:866][424]LogWorld: Bringing World /Game/Maps/UEDPIE_0_Minimal_Default.Minimal_Default up for play (max tick rate 0) at 2014.07.05-20.00.04
[2014.07.06-01.00.04:866][424]LogWorld: Bringing up level for play took: 0.000941
[2014.07.06-01.00.04:867][424]LogPlayerController: Spawned spectator SpectatorPawn_1 [server:1]
[2014.07.06-01.00.04:867][424]LogGameMode: RestartPlayer 257
[2014.07.06-01.00.04:867][424]LogPlayerController: ClientRestart_Implementation DefaultPawn_1
[2014.07.06-01.00.04:867][424]LogPlayerController: ServerAcknowledgePossession_Implementation DefaultPawn_1
[2014.07.06-01.00.04:868][424]PIE: Info Play in editor start time for /Game/Maps/UEDPIE_0_Minimal_Default 0.762
[2014.07.06-01.00.21:887][602]LogParticles: Destroying 0 GPU particle simulations for FXSystem 0x000000F1961E74C0
[2014.07.06-01.01.02:804][511]LogSlate:Warning: GetFontFace failed to load or process 'Roboto-Regular'
[2014.07.06-01.01.02:804][511]LogSlate:Warning: GetFontFace failed to load or process 'Roboto-Regular'
[2014.07.06-01.01.02:804][511]LogSlate:Warning: GetFontFace failed to load or process 'Roboto-Regular'
[2014.07.06-01.01.02:804][511]LogSlate:Warning: GetFontFace failed to load or process 'Roboto-Regular'
[2014.07.06-01.01.02:804][511]LogSlate:Warning: GetFontFace failed to load or process 'Roboto-Regular'
[2014.07.06-01.01.02:804][511]LogSlate:Warning: GetFontFace failed to load or process 'Roboto-Regular'
[2014.07.06-01.01.02:804][511]LogSlate:Warning: GetFontFace failed to load or process 'Roboto-Regular'
[2014.07.06-01.01.02:804][511]LogSlate:Warning: GetFontFace failed to load or process 'Roboto-Regular'
[2014.07.06-01.01.02:804][511]LogSlate:Warning: GetFontFace failed to load or process 'Roboto-Regular'
[2014.07.06-01.01.02:804][511]LogSlate:Warning: GetFontFace failed to load or process 'Roboto-Regular'
[2014.07.06-01.01.02:804][511]LogSlate:Warning: GetFontFace failed to load or process 'Roboto-Regular'
[2014.07.06-01.01.02:804][511]LogSlate:Warning: GetFontFace failed to load or process 'Roboto-Regular'
[2014.07.06-01.01.02:804][511]LogSlate:Warning: GetFontFace failed to load or process 'Roboto-Regular'
[2014.07.06-01.01.02:804][511]LogSlate:Warning: GetFontFace failed to load or process 'Roboto-Regular'
[2014.07.06-01.01.02:804][511]LogSlate:Warning: GetFontFace failed to load or process 'Roboto-Regular'
[2014.07.06-01.01.02:805][511]LogSlate:Warning: GetFontFace failed to load or process 'Roboto-Regular'
[2014.07.06-01.01.02:805][511]LogSlate:Warning: GetFontFace failed to load or process 'Roboto-Regular'
[2014.07.06-01.01.02:805][511]LogSlate:Warning: GetFontFace failed to load or process 'Roboto-Regular'
[2014.07.06-01.01.54:200][436]BlueprintLog: New page: Compile TemplateRoom2
[2014.07.06-01.01.54:568][436]BlueprintEditorCompileResults: Info [0217.12] Compile of TemplateRoom2 successful! [in 2 ms]
[2014.07.06-01.01.58:163][623]BlueprintLog: New page: Pre-PIE auto-recompile
[2014.07.06-01.01.58:165][623]LogPlayLevel: [PIE] Compiling TemplateRoom2 before PIE...
[2014.07.06-01.01.58:531][623]LogPlayLevel: PIE:  Blueprint regeneration took 368 ms (1 blueprints)
[2014.07.06-01.01.58:531][623]PIE: New page: PIE session: Minimal_Default (Jul 5, 2014, 3:01:58 PM)
[2014.07.06-01.01.58:534][623]LogBlueprint:Warning: FMemberReference::ResolveMember (GetTransform) bSelfContext == true, but no scope supplied!
[2014.07.06-01.01.58:534][623]LogBlueprint:Warning: FMemberReference::ResolveMember (GetTransform) bSelfContext == true, but no scope supplied!
[2014.07.06-01.01.58:534][623]LogBlueprint:Warning: FMemberReference::ResolveMember (GetTransform) bSelfContext == true, but no scope supplied!
[2014.07.06-01.01.58:534][623]LogBlueprint:Warning: FMemberReference::ResolveMember (GetTransform) bSelfContext == true, but no scope supplied!
[2014.07.06-01.01.58:534][623]LogPlayLevel: PIE: StaticDuplicateObject took: (0.002889s)
[2014.07.06-01.01.58:535][623]LogPlayLevel: PIE: World Init took: (0.000552s)
[2014.07.06-01.01.58:535][623]LogPlayLevel: PIE: Created PIE world by copying editor world from /Game/Maps/Minimal_Default.Minimal_Default to /Game/Maps/UEDPIE_0_Minimal_Default.Minimal_Default (0.003701s)
[2014.07.06-01.01.58:535][623]LogWorld: Game class is 'GameMode'
[2014.07.06-01.01.58:566][623]LogWorld: Bringing World /Game/Maps/UEDPIE_0_Minimal_Default.Minimal_Default up for play (max tick rate 0) at 2014.07.05-20.01.58
[2014.07.06-01.01.58:566][623]LogWorld: Bringing up level for play took: 0.000967
[2014.07.06-01.01.58:567][623]LogPlayerController: Spawned spectator SpectatorPawn_2 [server:1]
[2014.07.06-01.01.58:567][623]LogGameMode: RestartPlayer 258
[2014.07.06-01.01.58:567][623]LogPlayerController: ClientRestart_Implementation DefaultPawn_2
[2014.07.06-01.01.58:567][623]LogPlayerController: ServerAcknowledgePossession_Implementation DefaultPawn_2
[2014.07.06-01.01.58:568][623]PIE: Info Play in editor start time for /Game/Maps/UEDPIE_0_Minimal_Default 0.462
[2014.07.06-01.02.31:582][133]LogParticles: Destroying 0 GPU particle simulations for FXSystem 0x000000F195DF22A0
[2014.07.06-01.08.00:908][664]LogEditorViewport: Clicking on Actor (LMB): BP_Sky_Sphere_C (BP_Sky_Sphere)
[2014.07.06-01.09.18:467][621]LogActorComponent: UnregisterComponent: (/Engine/Transient.ProjectileMovementComponent_8) Not registered. Aborting.
[2014.07.06-01.09.18:467][621]LogActorComponent: UnregisterComponent: (/Engine/Transient.ProjectileMovementComponent_9) Not registered. Aborting.
[2014.07.06-01.09.18:884][621]LogSavePackage: Save=371.479889ms
[2014.07.06-01.09.18:884][621]LogSavePackage: Moving 'C:/Users/Chris/Documents/Unreal Projects/MyProject3/Saved/Minimal_Default_Auto12AAF72B641C32C253495CFA119520597.tmp' to 'C:/Users/Chris/Documents/Unreal Projects/MyProject3/Saved/Autosaves/Game/Maps/Minimal_Default_Auto1.umap'
[2014.07.06-01.09.18:888][621]LogFileHelpers: Editor autosave (incl. sublevels) for '/Game/Maps/Minimal_Default' took 0.421
[2014.07.06-01.09.18:888][621]LogFileHelpers: Editor autosave (incl. sublevels) for all levels took 0.421
[2014.07.06-01.10.12:065][347]LogEditorViewport: Clicking on Actor (LMB): StaticMeshActor (Floor)
[2014.07.06-01.11.45:291][801]LogSlate:Warning: GetFontFace failed to load or process 'Roboto-Regular'
[2014.07.06-01.11.45:291][801]LogSlate:Warning: GetFontFace failed to load or process 'Roboto-Regular'
[2014.07.06-01.11.45:291][801]LogSlate:Warning: GetFontFace failed to load or process 'Roboto-Regular'
[2014.07.06-01.11.45:291][801]LogSlate:Warning: GetFontFace failed to load or process 'Roboto-Regular'
[2014.07.06-01.12.33:557][177]BlueprintLog: New page: Compile TemplateRoom2
[2014.07.06-01.12.33:932][177]BlueprintEditorCompileResults: Info [0856.48] Compile of TemplateRoom2 successful! [in 2 ms]
[2014.07.06-01.12.43:587][602]BlueprintLog: New page: Pre-PIE auto-recompile
[2014.07.06-01.12.43:589][602]LogPlayLevel: [PIE] Compiling TemplateRoom2 before PIE...
[2014.07.06-01.12.43:962][602]LogPlayLevel: PIE:  Blueprint regeneration took 375 ms (1 blueprints)
[2014.07.06-01.12.43:963][602]PIE: New page: PIE session: Minimal_Default (Jul 5, 2014, 3:12:43 PM)
[2014.07.06-01.12.43:965][602]LogBlueprint:Warning: FMemberReference::ResolveMember (GetTransform) bSelfContext == true, but no scope supplied!
[2014.07.06-01.12.43:965][602]LogBlueprint:Warning: FMemberReference::ResolveMember (GetTransform) bSelfContext == true, but no scope supplied!
[2014.07.06-01.12.43:965][602]LogBlueprint:Warning: FMemberReference::ResolveMember (GetTransform) bSelfContext == true, but no scope supplied!
[2014.07.06-01.12.43:965][602]LogBlueprint:Warning: FMemberReference::ResolveMember (GetTransform) bSelfContext == true, but no scope supplied!
[2014.07.06-01.12.43:965][602]LogPlayLevel: PIE: StaticDuplicateObject took: (0.002614s)
[2014.07.06-01.12.43:966][602]LogPlayLevel: PIE: World Init took: (0.000965s)
[2014.07.06-01.12.43:966][602]LogPlayLevel: PIE: Created PIE world by copying editor world from /Game/Maps/Minimal_Default.Minimal_Default to /Game/Maps/UEDPIE_0_Minimal_Default.Minimal_Default (0.003714s)
[2014.07.06-01.12.43:966][602]LogWorld: Game class is 'GameMode'
[2014.07.06-01.12.43:997][602]LogWorld: Bringing World /Game/Maps/UEDPIE_0_Minimal_Default.Minimal_Default up for play (max tick rate 0) at 2014.07.05-20.12.43
[2014.07.06-01.12.43:997][602]LogWorld: Bringing up level for play took: 0.000962
[2014.07.06-01.12.43:997][602]LogPlayerController: Spawned spectator SpectatorPawn_3 [server:1]
[2014.07.06-01.12.43:998][602]LogGameMode: RestartPlayer 259
[2014.07.06-01.12.43:998][602]LogPlayerController: ClientRestart_Implementation DefaultPawn_3
[2014.07.06-01.12.43:998][602]LogPlayerController: ServerAcknowledgePossession_Implementation DefaultPawn_3
[2014.07.06-01.12.43:999][602]PIE: Info Play in editor start time for /Game/Maps/UEDPIE_0_Minimal_Default -0.107
[2014.07.06-01.12.56:843][514]LogParticles: Destroying 0 GPU particle simulations for FXSystem 0x000000F1957E5580
[2014.07.06-01.13.20:347][693]LogEpicStorage:Warning: ReadFile request failed. File request already pending for filename=http://cdn.unrealengine.com/newsfeed/blueprint_icon_b.png
[2014.07.06-01.13.20:348][693]LogEpicStorage:Warning: ReadFile request failed. File request already pending for filename=http://cdn.unrealengine.com/newsfeed/blueprint_icon_b.png
[2014.07.06-01.19.13:549][ 44]LogSlate:Warning: GetFontFace failed to load or process 'Roboto-Regular'
[2014.07.06-01.19.13:549][ 44]LogSlate:Warning: GetFontFace failed to load or process 'Roboto-Regular'
[2014.07.06-01.19.13:549][ 44]LogSlate:Warning: GetFontFace failed to load or process 'Roboto-Regular'
[2014.07.06-01.19.13:549][ 44]LogSlate:Warning: GetFontFace failed to load or process 'Roboto-Regular'
[2014.07.06-01.19.13:549][ 44]LogSlate:Warning: GetFontFace failed to load or process 'Roboto-Regular'
[2014.07.06-01.19.13:549][ 44]LogSlate:Warning: GetFontFace failed to load or process 'Roboto-Regular'
[2014.07.06-01.19.13:549][ 44]LogSlate:Warning: GetFontFace failed to load or process 'Roboto-Regular'
[2014.07.06-01.19.13:549][ 44]LogSlate:Warning: GetFontFace failed to load or process 'Roboto-Regular'
[2014.07.06-01.19.32:083][313]LogActorComponent: UnregisterComponent: (/Engine/Transient.ProjectileMovementComponent_10) Not registered. Aborting.
[2014.07.06-01.19.32:083][313]LogActorComponent: UnregisterComponent: (/Engine/Transient.ProjectileMovementComponent_11) Not registered. Aborting.
[2014.07.06-01.19.32:499][313]LogSavePackage: Save=369.478149ms
[2014.07.06-01.19.32:499][313]LogSavePackage: Moving 'C:/Users/Chris/Documents/Unreal Projects/MyProject3/Saved/Minimal_Default_Auto22DD5C38C424046D50C8BAAB7B72EB361.tmp' to 'C:/Users/Chris/Documents/Unreal Projects/MyProject3/Saved/Autosaves/Game/Maps/Minimal_Default_Auto2.umap'
[2014.07.06-01.19.32:504][313]LogFileHelpers: Editor autosave (incl. sublevels) for '/Game/Maps/Minimal_Default' took 0.420
[2014.07.06-01.19.32:504][313]LogFileHelpers: Editor autosave (incl. sublevels) for all levels took 0.420
[2014.07.06-01.22.06:049][949]LogEditorViewport: Clicking on Actor (LMB): BP_Sky_Sphere_C (BP_Sky_Sphere)
[2014.07.06-01.22.09:540][129]LogEditorViewport: Clicking on Actor (context menu): CameraActor (CameraActor5)
[2014.07.06-01.22.58:374][358]LogContentBrowser:Verbose: The content browser source was changed by the sources view to '/Game/Blueprints'
[2014.07.06-01.24.32:618][368]Cmd: OBJ SAVEPACKAGE PACKAGE="/Game/Blueprints/Camera" FILE="C:/Users/Chris/Documents/Unreal Projects/MyProject3/Content/Blueprints/Camera.uasset" SILENT=true
[2014.07.06-01.24.32:630][368]LogSavePackage: Save=9.495268ms
[2014.07.06-01.24.32:630][368]LogSavePackage: Moving 'C:/Users/Chris/Documents/Unreal Projects/MyProject3/Saved/CameraD4FF232B4048EE1CC5E7C29DA793A7D4.tmp' to 'C:/Users/Chris/Documents/Unreal Projects/MyProject3/Content/Blueprints/Camera.uasset'
[2014.07.06-01.24.33:160][392]BlueprintLog: New page: Compile Camera
[2014.07.06-01.24.33:197][392]LogActorComponent: UnregisterComponent: (/Engine/Transient.ProjectileMovementComponent_12) Not registered. Aborting.
[2014.07.06-01.24.33:197][392]LogActorComponent: UnregisterComponent: (/Engine/Transient.ProjectileMovementComponent_13) Not registered. Aborting.
[2014.07.06-01.24.33:708][392]BlueprintEditorCompileResults: Info [1576.08] Compile of Camera successful! [in 0 ms]
[2014.07.06-01.24.34:852][439]Cmd: OBJ SAVEPACKAGE PACKAGE="/Game/Blueprints/Camera" FILE="C:/Users/Chris/Documents/Unreal Projects/MyProject3/Content/Blueprints/Camera.uasset" SILENT=true
[2014.07.06-01.24.34:868][439]LogSavePackage: Save=11.686439ms
[2014.07.06-01.24.34:868][439]LogSavePackage: Moving 'C:/Users/Chris/Documents/Unreal Projects/MyProject3/Saved/Camera20DF96494661082AE97A3E980F8B217A.tmp' to 'C:/Users/Chris/Documents/Unreal Projects/MyProject3/Content/Blueprints/Camera.uasset'
[2014.07.06-01.24.55:646][238]LogEditorViewport: Clicking on Actor (LMB): CameraActor (CameraActor5)
[2014.07.06-01.24.57:115][291]LogEditorViewport: Clicking on Actor (LMB): Camera_C (Camera)
[2014.07.06-01.25.00:810][433]LogEditorViewport: Clicking on Actor (LMB): BP_Sky_Sphere_C (BP_Sky_Sphere)
[2014.07.06-01.25.03:102][532]LogEditorViewport: Clicking on Actor (LMB): CameraActor (CameraActor5)
[2014.07.06-01.25.04:932][600]LogEditorViewport: Clicking on Actor (LMB): Camera_C (Camera)
[2014.07.06-01.25.09:923][792]LogEditorViewport: Clicking on Actor (LMB): BP_Sky_Sphere_C (BP_Sky_Sphere)
[2014.07.06-01.25.13:576][950]LogEditorViewport: Clicking on Actor (LMB): CameraActor (CameraActor5)
[2014.07.06-01.25.16:187][ 47]LogEditorViewport: Clicking on Actor (LMB): Camera_C (Camera)
[2014.07.06-01.25.20:116][196]LogEditorViewport: Clicking on Actor (LMB): CameraActor (CameraActor5)
[2014.07.06-01.25.22:688][291]LogEditorViewport: Clicking on Actor (LMB): Camera_C (Camera)
[2014.07.06-01.25.26:650][443]LogEditorViewport: Clicking on Actor (LMB): BP_Sky_Sphere_C (BP_Sky_Sphere)
[2014.07.06-01.25.29:081][548]LogEditorViewport: Clicking on Actor (LMB): Camera_C (Camera)
[2014.07.06-01.25.35:942][818]LogEditorViewport: Clicking on Actor (LMB): BP_Sky_Sphere_C (BP_Sky_Sphere)
[2014.07.06-01.25.45:842][241]LogEditorViewport: Clicking on Actor (LMB): Camera_C (Camera)
[2014.07.06-01.25.52:039][481]LogEditorViewport: Clicking on Actor (LMB): BP_Sky_Sphere_C (BP_Sky_Sphere)
[2014.07.06-01.25.52:858][516]LogEditorViewport: Clicking on Actor (LMB): CameraActor (CameraActor5)
[2014.07.06-01.25.57:725][998]Cmd: DELETE
[2014.07.06-01.25.57:725][998]Cmd: ACTOR DELETE
[2014.07.06-01.25.57:725][998]LogEditorActor: Deleted Actor: CameraActor
[2014.07.06-01.25.57:752][998]LogActorComponent: UnregisterComponent: (/Engine/Transient.ProjectileMovementComponent_14) Not registered. Aborting.
[2014.07.06-01.25.57:752][998]LogActorComponent: UnregisterComponent: (/Engine/Transient.ProjectileMovementComponent_15) Not registered. Aborting.
[2014.07.06-01.25.57:775][998]LogEditorActor: Deleted 1 Actors (0.050 secs)
[2014.07.06-01.25.58:653][ 34]LogEditorViewport: Clicking on Actor (LMB): Camera_C (Camera)
[2014.07.06-01.26.03:284][214]LogEditorViewport: Clicking on Actor (LMB): BP_Sky_Sphere_C (BP_Sky_Sphere)
[2014.07.06-01.28.08:441][362]LogSlate:Warning: GetFontFace failed to load or process 'Roboto-Regular'
[2014.07.06-01.28.08:441][362]LogSlate:Warning: GetFontFace failed to load or process 'Roboto-Regular'
[2014.07.06-01.28.20:397][276]LogEpicStorage:Warning: ReadFile request failed. File request already pending for filename=http://cdn.unrealengine.com/newsfeed/blueprint_icon_b.png
[2014.07.06-01.28.20:397][276]LogEpicStorage:Warning: ReadFile request failed. File request already pending for filename=http://cdn.unrealengine.com/newsfeed/blueprint_icon_b.png
[2014.07.06-01.28.20:687][294]BlueprintLog: New page: Compile Camera
[2014.07.06-01.28.20:724][294]LogActorComponent: UnregisterComponent: (/Engine/Transient.ProjectileMovementComponent_16) Not registered. Aborting.
[2014.07.06-01.28.20:724][294]LogActorComponent: UnregisterComponent: (/Engine/Transient.ProjectileMovementComponent_17) Not registered. Aborting.
[2014.07.06-01.28.21:226][294]BlueprintEditorCompileResults: Info [1803.60] Compile of Camera successful! [in 0 ms]
[2014.07.06-01.28.21:722][321]Cmd: OBJ SAVEPACKAGE PACKAGE="/Game/Blueprints/Camera" FILE="C:/Users/Chris/Documents/Unreal Projects/MyProject3/Content/Blueprints/Camera.uasset" SILENT=true
[2014.07.06-01.28.21:739][321]LogSavePackage: Save=13.059903ms
[2014.07.06-01.28.21:739][321]LogSavePackage: Moving 'C:/Users/Chris/Documents/Unreal Projects/MyProject3/Saved/Camera679057024DE616122F05B59ECD63DA24.tmp' to 'C:/Users/Chris/Documents/Unreal Projects/MyProject3/Content/Blueprints/Camera.uasset'
[2014.07.06-01.28.27:058][595]BlueprintLog: New page: Pre-PIE auto-recompile
[2014.07.06-01.28.27:060][595]LogPlayLevel: [PIE] Compiling TemplateRoom2 before PIE...
[2014.07.06-01.28.27:600][595]LogPlayLevel: PIE:  Blueprint regeneration took 542 ms (1 blueprints)
[2014.07.06-01.28.27:600][595]PIE: New page: PIE session: Minimal_Default (Jul 5, 2014, 3:28:27 PM)
[2014.07.06-01.28.27:603][595]LogBlueprint:Warning: FMemberReference::ResolveMember (GetTransform) bSelfContext == true, but no scope supplied!
[2014.07.06-01.28.27:603][595]LogBlueprint:Warning: FMemberReference::ResolveMember (GetTransform) bSelfContext == true, but no scope supplied!
[2014.07.06-01.28.27:603][595]LogBlueprint:Warning: FMemberReference::ResolveMember (GetTransform) bSelfContext == true, but no scope supplied!
[2014.07.06-01.28.27:603][595]LogBlueprint:Warning: FMemberReference::ResolveMember (GetTransform) bSelfContext == true, but no scope supplied!
[2014.07.06-01.28.27:603][595]LogPlayLevel: PIE: StaticDuplicateObject took: (0.002527s)
[2014.07.06-01.28.27:603][595]LogPlayLevel: PIE: World Init took: (0.000523s)
[2014.07.06-01.28.27:603][595]LogPlayLevel: PIE: Created PIE world by copying editor world from /Game/Maps/Minimal_Default.Minimal_Default to /Game/Maps/UEDPIE_0_Minimal_Default.Minimal_Default (0.003184s)
[2014.07.06-01.28.27:603][595]LogWorld: Game class is 'GameMode'
[2014.07.06-01.28.27:631][595]LogWorld: Bringing World /Game/Maps/UEDPIE_0_Minimal_Default.Minimal_Default up for play (max tick rate 0) at 2014.07.05-20.28.27
[2014.07.06-01.28.27:631][595]LogWorld: Bringing up level for play took: 0.001065
[2014.07.06-01.28.27:632][595]LogPlayerController: Spawned spectator SpectatorPawn_4 [server:1]
[2014.07.06-01.28.27:632][595]LogGameMode: RestartPlayer 260
[2014.07.06-01.28.27:632][595]LogPlayerController: ClientRestart_Implementation DefaultPawn_4
[2014.07.06-01.28.27:632][595]LogPlayerController: ServerAcknowledgePossession_Implementation DefaultPawn_4
[2014.07.06-01.28.27:633][595]PIE: Info Play in editor start time for /Game/Maps/UEDPIE_0_Minimal_Default 1.527
[2014.07.06-01.28.32:492][973]LogParticles: Destroying 0 GPU particle simulations for FXSystem 0x000000F191308A40
[2014.07.06-01.29.38:034][351]LogActorComponent: UnregisterComponent: (/Engine/Transient.ProjectileMovementComponent_18) Not registered. Aborting.
[2014.07.06-01.29.38:034][351]LogActorComponent: UnregisterComponent: (/Engine/Transient.ProjectileMovementComponent_19) Not registered. Aborting.
[2014.07.06-01.29.38:644][351]LogSavePackage: Save=571.444153ms
[2014.07.06-01.29.38:644][351]LogSavePackage: Moving 'C:/Users/Chris/Documents/Unreal Projects/MyProject3/Saved/Minimal_Default_Auto316ADAAEE44AB0629D49D61A897C1DABE.tmp' to 'C:/Users/Chris/Documents/Unreal Projects/MyProject3/Saved/Autosaves/Game/Maps/Minimal_Default_Auto3.umap'
[2014.07.06-01.29.38:650][351]LogFileHelpers: Editor autosave (incl. sublevels) for '/Game/Maps/Minimal_Default' took 0.617
[2014.07.06-01.29.38:650][351]LogFileHelpers: Editor autosave (incl. sublevels) for all levels took 0.617
[2014.07.06-01.36.27:137][413]Cmd: OBJ SAVEPACKAGE PACKAGE="/Game/Blueprints/Camera" FILE="C:/Users/Chris/Documents/Unreal Projects/MyProject3/Content/Blueprints/Camera.uasset" SILENT=true
[2014.07.06-01.36.27:160][413]LogSavePackage: Save=13.242331ms
[2014.07.06-01.36.27:160][413]LogSavePackage: Moving 'C:/Users/Chris/Documents/Unreal Projects/MyProject3/Saved/Camera17A49FEE4B4D208A69C460A75AB2E75E.tmp' to 'C:/Users/Chris/Documents/Unreal Projects/MyProject3/Content/Blueprints/Camera.uasset'
[2014.07.06-01.36.27:645][442]BlueprintLog: New page: Compile Camera
[2014.07.06-01.36.27:688][442]LogActorComponent: UnregisterComponent: (/Engine/Transient.ProjectileMovementComponent_20) Not registered. Aborting.
[2014.07.06-01.36.27:688][442]LogActorComponent: UnregisterComponent: (/Engine/Transient.ProjectileMovementComponent_21) Not registered. Aborting.
[2014.07.06-01.36.28:199][442]BlueprintEditorCompileResults: Info [2290.56] Compile of Camera successful! [in 0 ms]
[2014.07.06-01.36.29:989][533]Cmd: OBJ SAVEPACKAGE PACKAGE="/Game/Blueprints/Camera" FILE="C:/Users/Chris/Documents/Unreal Projects/MyProject3/Content/Blueprints/Camera.uasset" SILENT=true
[2014.07.06-01.36.30:005][533]LogSavePackage: Save=11.875882ms
[2014.07.06-01.36.30:005][533]LogSavePackage: Moving 'C:/Users/Chris/Documents/Unreal Projects/MyProject3/Saved/CameraFECE0E1F40EC2F06795413A905FF5744.tmp' to 'C:/Users/Chris/Documents/Unreal Projects/MyProject3/Content/Blueprints/Camera.uasset'
[2014.07.06-01.36.33:162][703]BlueprintLog: New page: Pre-PIE auto-recompile
[2014.07.06-01.36.33:164][703]LogPlayLevel: [PIE] Compiling TemplateRoom2 before PIE...
[2014.07.06-01.36.33:700][703]LogPlayLevel: PIE:  Blueprint regeneration took 538 ms (1 blueprints)
[2014.07.06-01.36.33:700][703]PIE: New page: PIE session: Minimal_Default (Jul 5, 2014, 3:36:33 PM)
[2014.07.06-01.36.33:702][703]LogBlueprint:Warning: FMemberReference::ResolveMember (GetTransform) bSelfContext == true, but no scope supplied!
[2014.07.06-01.36.33:703][703]LogBlueprint:Warning: FMemberReference::ResolveMember (GetTransform) bSelfContext == true, but no scope supplied!
[2014.07.06-01.36.33:703][703]LogBlueprint:Warning: FMemberReference::ResolveMember (GetTransform) bSelfContext == true, but no scope supplied!
[2014.07.06-01.36.33:703][703]LogBlueprint:Warning: FMemberReference::ResolveMember (GetTransform) bSelfContext == true, but no scope supplied!
[2014.07.06-01.36.33:703][703]LogPlayLevel: PIE: StaticDuplicateObject took: (0.002507s)
[2014.07.06-01.36.33:703][703]LogPlayLevel: PIE: World Init took: (0.000623s)
[2014.07.06-01.36.33:703][703]LogPlayLevel: PIE: Created PIE world by copying editor world from /Game/Maps/Minimal_Default.Minimal_Default to /Game/Maps/UEDPIE_0_Minimal_Default.Minimal_Default (0.003288s)
[2014.07.06-01.36.33:703][703]LogWorld: Game class is 'GameMode'
[2014.07.06-01.36.33:732][703]LogWorld: Bringing World /Game/Maps/UEDPIE_0_Minimal_Default.Minimal_Default up for play (max tick rate 0) at 2014.07.05-20.36.33
[2014.07.06-01.36.33:732][703]LogWorld: Bringing up level for play took: 0.001054
[2014.07.06-01.36.33:733][703]LogPlayerController: Spawned spectator SpectatorPawn_5 [server:1]
[2014.07.06-01.36.33:733][703]LogGameMode: RestartPlayer 261
[2014.07.06-01.36.33:733][703]LogPlayerController: ClientRestart_Implementation DefaultPawn_5
[2014.07.06-01.36.33:733][703]LogPlayerController: ServerAcknowledgePossession_Implementation DefaultPawn_5
[2014.07.06-01.36.33:734][703]PIE: Info Play in editor start time for /Game/Maps/UEDPIE_0_Minimal_Default -0.372
[2014.07.06-01.37.30:199][176]LogParticles: Destroying 0 GPU particle simulations for FXSystem 0x000000F1A4754CC0
[2014.07.06-01.38.48:272][262]LogEditorViewport: Clicking on Actor (LMB): BP_Sky_Sphere_C (BP_Sky_Sphere)
[2014.07.06-01.38.49:292][319]BlueprintLog: New page: Pre-PIE auto-recompile
[2014.07.06-01.38.49:293][319]LogPlayLevel: [PIE] Compiling TemplateRoom2 before PIE...
[2014.07.06-01.38.49:823][319]LogPlayLevel: PIE:  Blueprint regeneration took 531 ms (1 blueprints)
[2014.07.06-01.38.49:823][319]PIE: New page: PIE session: Minimal_Default (Jul 5, 2014, 3:38:49 PM)
[2014.07.06-01.38.49:826][319]LogBlueprint:Warning: FMemberReference::ResolveMember (GetTransform) bSelfContext == true, but no scope supplied!
[2014.07.06-01.38.49:826][319]LogBlueprint:Warning: FMemberReference::ResolveMember (GetTransform) bSelfContext == true, but no scope supplied!
[2014.07.06-01.38.49:826][319]LogBlueprint:Warning: FMemberReference::ResolveMember (GetTransform) bSelfContext == true, but no scope supplied!
[2014.07.06-01.38.49:826][319]LogBlueprint:Warning: FMemberReference::ResolveMember (GetTransform) bSelfContext == true, but no scope supplied!
[2014.07.06-01.38.49:826][319]LogPlayLevel: PIE: StaticDuplicateObject took: (0.002481s)
[2014.07.06-01.38.49:827][319]LogPlayLevel: PIE: World Init took: (0.001035s)
[2014.07.06-01.38.49:827][319]LogPlayLevel: PIE: Created PIE world by copying editor world from /Game/Maps/Minimal_Default.Minimal_Default to /Game/Maps/UEDPIE_0_Minimal_Default.Minimal_Default (0.003645s)
[2014.07.06-01.38.49:827][319]LogWorld: Game class is 'GameMode'
[2014.07.06-01.38.49:855][319]LogWorld: Bringing World /Game/Maps/UEDPIE_0_Minimal_Default.Minimal_Default up for play (max tick rate 0) at 2014.07.05-20.38.49
[2014.07.06-01.38.49:855][319]LogWorld: Bringing up level for play took: 0.001081
[2014.07.06-01.38.49:856][319]LogPlayerController: Spawned spectator SpectatorPawn_6 [server:1]
[2014.07.06-01.38.49:856][319]LogGameMode: RestartPlayer 262
[2014.07.06-01.38.49:856][319]LogPlayerController: ClientRestart_Implementation DefaultPawn_6
[2014.07.06-01.38.49:856][319]LogPlayerController: ServerAcknowledgePossession_Implementation DefaultPawn_6
[2014.07.06-01.38.49:857][319]PIE: Info Play in editor start time for /Game/Maps/UEDPIE_0_Minimal_Default -0.249
[2014.07.06-01.40.43:167][337]LogParticles: Destroying 0 GPU particle simulations for FXSystem 0x000000F1958D2980
[2014.07.06-01.40.47:035][538]LogEditorViewport: Clicking on Actor (LMB): PlayerStart (Player Start)
[2014.07.06-01.41.02:975][ 29]Cmd: DELETE
[2014.07.06-01.41.02:975][ 29]Cmd: ACTOR DELETE
[2014.07.06-01.41.02:975][ 29]LogEditorActor: Deleted Actor: PlayerStart
[2014.07.06-01.41.02:988][ 29]LogEditorActor: Deleted 1 Actors (0.014 secs)
[2014.07.06-01.41.04:870][133]BlueprintLog: New page: Pre-PIE auto-recompile
[2014.07.06-01.41.04:871][133]LogPlayLevel: [PIE] Compiling TemplateRoom2 before PIE...
[2014.07.06-01.41.05:400][133]LogPlayLevel: PIE:  Blueprint regeneration took 530 ms (1 blueprints)
[2014.07.06-01.41.05:400][133]PIE: New page: PIE session: Minimal_Default (Jul 5, 2014, 3:41:05 PM)
[2014.07.06-01.41.05:403][133]LogBlueprint:Warning: FMemberReference::ResolveMember (GetTransform) bSelfContext == true, but no scope supplied!
[2014.07.06-01.41.05:403][133]LogBlueprint:Warning: FMemberReference::ResolveMember (GetTransform) bSelfContext == true, but no scope supplied!
[2014.07.06-01.41.05:403][133]LogBlueprint:Warning: FMemberReference::ResolveMember (GetTransform) bSelfContext == true, but no scope supplied!
[2014.07.06-01.41.05:403][133]LogBlueprint:Warning: FMemberReference::ResolveMember (GetTransform) bSelfContext == true, but no scope supplied!
[2014.07.06-01.41.05:403][133]LogPlayLevel: PIE: StaticDuplicateObject took: (0.002875s)
[2014.07.06-01.41.05:404][133]LogPlayLevel: PIE: World Init took: (0.000677s)
[2014.07.06-01.41.05:404][133]LogPlayLevel: PIE: Created PIE world by copying editor world from /Game/Maps/Minimal_Default.Minimal_Default to /Game/Maps/UEDPIE_0_Minimal_Default.Minimal_Default (0.003686s)
[2014.07.06-01.41.05:404][133]LogWorld: Game class is 'GameMode'
[2014.07.06-01.41.05:430][133]LogWorld: Bringing World /Game/Maps/UEDPIE_0_Minimal_Default.Minimal_Default up for play (max tick rate 0) at 2014.07.05-20.41.05
[2014.07.06-01.41.05:430][133]LogWorld: Bringing up level for play took: 0.001077
[2014.07.06-01.41.05:431][133]LogPlayerController: Spawned spectator SpectatorPawn_7 [server:1]
[2014.07.06-01.41.05:431][133]LogGameMode: RestartPlayer 263
[2014.07.06-01.41.05:431][133]LogPlayerController: ClientRestart_Implementation DefaultPawn_7
[2014.07.06-01.41.05:431][133]LogPlayerController: ServerAcknowledgePossession_Implementation DefaultPawn_7
[2014.07.06-01.41.05:432][133]PIE: Info Play in editor start time for /Game/Maps/UEDPIE_0_Minimal_Default 1.326
[2014.07.06-01.41.12:897][719]LogParticles: Destroying 0 GPU particle simulations for FXSystem 0x000000F1A4B336A0
[2014.07.06-01.42.02:864][311]LogEditorViewport: Clicking on Actor (LMB): StaticMeshActor (Floor)
[2014.07.06-01.42.05:425][444]LogEditorViewport: Clicking on Actor (LMB): StaticMeshActor (SM_CornerFrame)
[2014.07.06-01.42.37:437][ 29]LogActorComponent: UnregisterComponent: (/Engine/Transient.ProjectileMovementComponent_22) Not registered. Aborting.
[2014.07.06-01.42.37:437][ 29]LogActorComponent: UnregisterComponent: (/Engine/Transient.ProjectileMovementComponent_23) Not registered. Aborting.
[2014.07.06-01.42.38:032][ 29]LogSavePackage: Save=550.392273ms
[2014.07.06-01.42.38:032][ 29]LogSavePackage: Moving 'C:/Users/Chris/Documents/Unreal Projects/MyProject3/Saved/Minimal_Default_Auto4E6AF037B45C62C1BADB2FCBCE0F95CE9.tmp' to 'C:/Users/Chris/Documents/Unreal Projects/MyProject3/Saved/Autosaves/Game/Maps/Minimal_Default_Auto4.umap'
[2014.07.06-01.42.38:036][ 29]LogFileHelpers: Editor autosave (incl. sublevels) for '/Game/Maps/Minimal_Default' took 0.600
[2014.07.06-01.42.38:036][ 29]LogFileHelpers: Editor autosave (incl. sublevels) for all levels took 0.600
[2014.07.06-01.43.20:397][744]LogEpicStorage:Warning: ReadFile request failed. File request already pending for filename=http://cdn.unrealengine.com/newsfeed/blueprint_icon_b.png
[2014.07.06-01.43.20:398][744]LogEpicStorage:Warning: ReadFile request failed. File request already pending for filename=http://cdn.unrealengine.com/newsfeed/blueprint_icon_b.png
[2014.07.06-01.48.25:290][981]LogSavePackage: Save=537.447815ms
[2014.07.06-01.48.25:290][981]LogSavePackage: Moving 'C:/Users/Chris/Documents/Unreal Projects/MyProject3/Saved/FTS004C6CD84080AC0720998395FF972252.tmp' to 'C:/Users/Chris/Documents/Unreal Projects/MyProject3/Content/Maps/FTS.umap'
[2014.07.06-01.48.25:304][981]LogFileHelpers: Saving map 'FTS' took 1.653
[2014.07.06-01.48.27:834][ 92]Cmd: QUIT_EDITOR
[2014.07.06-01.48.27:892][ 92]LogWindowsTextInputMethodSystem:Error: Terminating failed while unadvising the language notification sink from the TSF source.
[2014.07.06-01.48.27:894][ 92]LogExit: Preparing to exit.
[2014.07.06-01.48.28:180][ 92]LogActorComponent: UnregisterComponent: (None.None) Not registered. Aborting.
[2014.07.06-01.48.28:180][ 92]LogActorComponent: UnregisterComponent: (None.None) Not registered. Aborting.
[2014.07.06-01.48.28:180][ 92]LogActorComponent: UnregisterComponent: (None.None) Not registered. Aborting.
[2014.07.06-01.48.28:180][ 92]LogActorComponent: UnregisterComponent: (None.None) Not registered. Aborting.
[2014.07.06-01.48.28:180][ 92]LogActorComponent: UnregisterComponent: (None.None) Not registered. Aborting.
[2014.07.06-01.48.28:180][ 92]LogActorComponent: UnregisterComponent: (None.None) Not registered. Aborting.
[2014.07.06-01.48.28:186][ 92]LogExit: Editor shut down
[2014.07.06-01.48.28:187][ 92]LogExit: Transaction tracking system shut down
[2014.07.06-01.48.28:187][ 92]LogParticles: Destroying 0 GPU particle simulations for FXSystem 0x000000F183576840
[2014.07.06-01.48.28:187][ 92]LogParticles: Destroying 0 GPU particle simulations for FXSystem 0x000000F1806594E0
[2014.07.06-01.48.28:187][ 92]LogParticles: Destroying 0 GPU particle simulations for FXSystem 0x000000F1957E6980
[2014.07.06-01.48.28:187][ 92]LogParticles: Destroying 0 GPU particle simulations for FXSystem 0x000000F1985D6160
[2014.07.06-01.48.28:188][ 92]LogParticles: Destroying 0 GPU particle simulations for FXSystem 0x000000F181ACC900
[2014.07.06-01.48.28:188][ 92]LogParticles: Destroying 0 GPU particle simulations for FXSystem 0x000000F182761580
[2014.07.06-01.48.28:207][ 92]LogExit: Object subsystem successfully closed.
[2014.07.06-01.48.28:229][ 92]LogModuleManager: Shutting down and abandoning module DesktopPlatform (164)
[2014.07.06-01.48.28:229][ 92]LogModuleManager: Shutting down and abandoning module AndroidDeviceDetection (163)
[2014.07.06-01.48.28:229][ 92]LogModuleManager: Shutting down and abandoning module CrashTracker (162)
[2014.07.06-01.48.28:229][ 92]LogModuleManager: Shutting down and abandoning module HTTP (161)
[2014.07.06-01.48.28:229][ 92]LogModuleManager: Shutting down and abandoning module NewsFeed (160)
[2014.07.06-01.48.28:229][ 92]LogModuleManager: Shutting down and abandoning module SceneOutliner (159)
[2014.07.06-01.48.28:229][ 92]LogModuleManager: Shutting down and abandoning module EditorWidgets (158)
[2014.07.06-01.48.28:229][ 92]LogModuleManager: Shutting down and abandoning module CollectionManager (157)
[2014.07.06-01.48.28:229][ 92]LogModuleManager: Shutting down and abandoning module StatsViewer (156)
[2014.07.06-01.48.28:229][ 92]LogModuleManager: Shutting down and abandoning module FoliageEdit (155)
[2014.07.06-01.48.28:229][ 92]LogModuleManager: Shutting down and abandoning module LandscapeEditor (154)
[2014.07.06-01.48.28:232][ 92]LogModuleManager: Shutting down and abandoning module MeshPaint (153)
[2014.07.06-01.48.28:232][ 92]LogModuleManager: Shutting down and abandoning module ActorPickerMode (152)
[2014.07.06-01.48.28:232][ 92]LogModuleManager: Shutting down and abandoning module GeometryMode (151)
[2014.07.06-01.48.28:232][ 92]LogModuleManager: Shutting down and abandoning module TextureAlignMode (150)
[2014.07.06-01.48.28:232][ 92]LogModuleManager: Shutting down and abandoning module BspMode (149)
[2014.07.06-01.48.28:232][ 92]LogModuleManager: Shutting down and abandoning module PlacementMode (148)
[2014.07.06-01.48.28:233][ 92]LogModuleManager: Shutting down and abandoning module AutomationWorker (147)
[2014.07.06-01.48.28:233][ 92]LogModuleManager: Shutting down and abandoning module ViewportSnapping (146)
[2014.07.06-01.48.28:233][ 92]LogModuleManager: Shutting down and abandoning module DeviceProfileEditor (145)
[2014.07.06-01.48.28:233][ 92]LogModuleManager: Shutting down and abandoning module UndoHistory (144)
[2014.07.06-01.48.28:233][ 92]LogModuleManager: Shutting down and abandoning module GameplayTagsEditor (143)
[2014.07.06-01.48.28:233][ 92]LogModuleManager: Shutting down and abandoning module UserFeedback (142)
[2014.07.06-01.48.28:233][ 92]LogModuleManager: Shutting down and abandoning module XmlParser (141)
[2014.07.06-01.48.28:233][ 92]LogModuleManager: Shutting down and abandoning module Blutility (140)
[2014.07.06-01.48.28:233][ 92]LogModuleManager: Shutting down and abandoning module AndroidPlatformEditor (137)
[2014.07.06-01.48.28:233][ 92]LogModuleManager: Shutting down and abandoning module AndroidRuntimeSettings (136)
[2014.07.06-01.48.28:233][ 92]LogModuleManager: Shutting down and abandoning module ProjectSettingsViewer (135)
[2014.07.06-01.48.28:233][ 92]LogModuleManager: Shutting down and abandoning module InputBindingEditor (134)
[2014.07.06-01.48.28:233][ 92]LogModuleManager: Shutting down and abandoning module EditorSettingsViewer (133)
[2014.07.06-01.48.28:233][ 92]LogModuleManager: Shutting down and abandoning module SettingsEditor (132)
[2014.07.06-01.48.28:233][ 92]LogModuleManager: Shutting down and abandoning module SessionLauncher (131)
[2014.07.06-01.48.28:233][ 92]LogModuleManager: Shutting down and abandoning module SessionFrontend (130)
[2014.07.06-01.48.28:233][ 92]LogModuleManager: Shutting down and abandoning module ProfilerClient (129)
[2014.07.06-01.48.28:233][ 92]LogModuleManager: Shutting down and abandoning module TargetDeviceServices (128)
[2014.07.06-01.48.28:233][ 92]LogModuleManager: Shutting down and abandoning module DeviceManager (127)
[2014.07.06-01.48.28:233][ 92]LogModuleManager: Shutting down and abandoning module AutomationController (126)
[2014.07.06-01.48.28:233][ 92]LogModuleManager: Shutting down and abandoning module AutomationWindow (125)
[2014.07.06-01.48.28:233][ 92]LogModuleManager: Shutting down and abandoning module Layers (124)
[2014.07.06-01.48.28:233][ 92]LogModuleManager: Shutting down and abandoning module ComponentVisualizers (123)
[2014.07.06-01.48.28:233][ 92]LogModuleManager: Shutting down and abandoning module DetailCustomizations (122)
[2014.07.06-01.48.28:233][ 92]LogModuleManager: Shutting down and abandoning module PackagesDialog (121)
[2014.07.06-01.48.28:233][ 92]LogModuleManager: Shutting down and abandoning module PropertyEditor (120)
[2014.07.06-01.48.28:233][ 92]LogModuleManager: Shutting down and abandoning module DirectoryWatcher (119)
[2014.07.06-01.48.28:233][ 92]LogModuleManager: Shutting down and abandoning module AssetRegistry (118)
[2014.07.06-01.48.28:322][ 92]LogModuleManager: Shutting down and abandoning module Persona (117)
[2014.07.06-01.48.28:322][ 92]LogModuleManager: Shutting down and abandoning module GraphEditor (116)
[2014.07.06-01.48.28:323][ 92]LogModuleManager: Shutting down and abandoning module ContentBrowser (115)
[2014.07.06-01.48.28:323][ 92]LogModuleManager: Shutting down and abandoning module ClassViewer (114)
[2014.07.06-01.48.28:323][ 92]LogModuleManager: Shutting down and abandoning module Toolbox (113)
[2014.07.06-01.48.28:323][ 92]LogModuleManager: Shutting down and abandoning module ModuleUI (112)
[2014.07.06-01.48.28:323][ 92]LogModuleManager: Shutting down and abandoning module Sequencer (111)
[2014.07.06-01.48.28:323][ 92]LogModuleManager: Shutting down and abandoning module AssetTools (110)
[2014.07.06-01.48.28:323][ 92]LogModuleManager: Shutting down and abandoning module MovieSceneTools (109)
[2014.07.06-01.48.28:323][ 92]LogModuleManager: Shutting down and abandoning module OutputLog (108)
[2014.07.06-01.48.28:323][ 92]LogModuleManager: Shutting down and abandoning module GammaUI (107)
[2014.07.06-01.48.28:323][ 92]LogModuleManager: Shutting down and abandoning module Documentation (106)
[2014.07.06-01.48.28:323][ 92]LogModuleManager: Shutting down and abandoning module StreamingPauseRendering (105)
[2014.07.06-01.48.28:323][ 92]LogModuleManager: Shutting down and abandoning module AnalyticsET (104)
[2014.07.06-01.48.28:323][ 92]LogModuleManager: Shutting down and abandoning module Analytics (103)
[2014.07.06-01.48.28:323][ 92]LogModuleManager: Shutting down and abandoning module ProfilerService (102)
[2014.07.06-01.48.28:504][ 92]LogModuleManager: Shutting down and abandoning module TaskGraph (101)
[2014.07.06-01.48.28:504][ 92]LogModuleManager: Shutting down and abandoning module GameProjectGeneration (100)
[2014.07.06-01.48.28:504][ 92]LogModuleManager: Shutting down and abandoning module Matinee (99)
[2014.07.06-01.48.28:504][ 92]LogModuleManager: Shutting down and abandoning module Kismet (98)
[2014.07.06-01.48.28:504][ 92]LogModuleManager: Shutting down and abandoning module SlateReflector (97)
[2014.07.06-01.48.28:504][ 92]LogModuleManager: Shutting down and abandoning module LevelEditor (96)
[2014.07.06-01.48.28:505][ 92]LogModuleManager: Shutting down and abandoning module MainFrame (95)
[2014.07.06-01.48.28:505][ 92]LogModuleManager: Shutting down and abandoning module SourceControl (94)
[2014.07.06-01.48.28:505][ 92]LogModuleManager: Shutting down and abandoning module ImageWrapper (93)
[2014.07.06-01.48.28:505][ 92]LogModuleManager: Shutting down and abandoning module OnlineBlueprintSupport (92)
[2014.07.06-01.48.28:505][ 92]LogModuleManager: Shutting down and abandoning module FunctionalTesting (91)
[2014.07.06-01.48.28:505][ 92]LogModuleManager: Shutting down and abandoning module CollisionAnalyzer (90)
[2014.07.06-01.48.28:505][ 92]LogModuleManager: Shutting down and abandoning module WorkspaceMenuStructure (89)
[2014.07.06-01.48.28:505][ 92]LogModuleManager: Shutting down and abandoning module MessageLog (88)
[2014.07.06-01.48.28:505][ 92]LogModuleManager: Shutting down and abandoning module Slate (87)
[2014.07.06-01.48.28:505][ 92]LogModuleManager: Shutting down and abandoning module EditorStyle (86)
[2014.07.06-01.48.28:506][ 92]LogModuleManager: Shutting down and abandoning module SessionServices (85)
[2014.07.06-01.48.28:506][ 92]LogModuleManager: Shutting down and abandoning module Messaging (84)
[2014.07.06-01.48.28:506][ 92]LogModuleManager: Shutting down and abandoning module SourceCodeAccess (83)
[2014.07.06-01.48.28:506][ 92]LogModuleManager: Shutting down and abandoning module HeadMountedDisplay (82)
[2014.07.06-01.48.28:506][ 92]LogModuleManager: Shutting down and abandoning module XAudio2 (81)
[2014.07.06-01.48.28:506][ 92]LogModuleManager: Shutting down and abandoning module Networking (79)
[2014.07.06-01.48.28:506][ 92]LogModuleManager: Shutting down and abandoning module Core (78)
[2014.07.06-01.48.28:506][ 92]LogModuleManager: Shutting down and abandoning module KismetCompiler (77)
[2014.07.06-01.48.28:506][ 92]LogModuleManager: Shutting down and abandoning module PhysXFormats (76)
[2014.07.06-01.48.28:506][ 92]LogModuleManager: Shutting down and abandoning module SimplygonMeshReduction (75)
[2014.07.06-01.48.28:506][ 92]LogModuleManager: Shutting down and abandoning module MeshUtilities (74)
[2014.07.06-01.48.28:506][ 92]LogModuleManager: Shutting down and abandoning module DerivedDataCache (73)
[2014.07.06-01.48.28:538][ 92]LogDerivedDataCache: Shutdown
[2014.07.06-01.48.28:538][ 92]LogModuleManager: Shutting down and abandoning module ShaderFormatOpenGL (72)
[2014.07.06-01.48.28:538][ 92]LogModuleManager: Shutting down and abandoning module ShaderFormatD3D (71)
[2014.07.06-01.48.28:538][ 92]LogModuleManager: Shutting down and abandoning module TextureFormatUncompressed (70)
[2014.07.06-01.48.28:538][ 92]LogModuleManager: Shutting down and abandoning module TextureFormatPVR (69)
[2014.07.06-01.48.28:538][ 92]LogModuleManager: Shutting down and abandoning module TextureFormatDXT (68)
[2014.07.06-01.48.28:538][ 92]LogModuleManager: Shutting down and abandoning module TextureFormatAndroid (67)
[2014.07.06-01.48.28:538][ 92]LogModuleManager: Shutting down and abandoning module AudioFormatOpus (66)
[2014.07.06-01.48.28:538][ 92]LogModuleManager: Shutting down and abandoning module AudioFormatOgg (65)
[2014.07.06-01.48.28:538][ 92]LogModuleManager: Shutting down and abandoning module AudioFormatADPCM (64)
[2014.07.06-01.48.28:538][ 92]LogModuleManager: Shutting down and abandoning module Android_PVRTCTargetPlatform (63)
[2014.07.06-01.48.28:538][ 92]LogModuleManager: Shutting down and abandoning module Android_ETC2TargetPlatform (62)
[2014.07.06-01.48.28:538][ 92]LogModuleManager: Shutting down and abandoning module Android_ETC1TargetPlatform (61)
[2014.07.06-01.48.28:538][ 92]LogModuleManager: Shutting down and abandoning module Android_DXTTargetPlatform (60)
[2014.07.06-01.48.28:538][ 92]LogModuleManager: Shutting down and abandoning module Android_ATCTargetPlatform (59)
[2014.07.06-01.48.28:538][ 92]LogModuleManager: Shutting down and abandoning module AndroidTargetPlatform (58)
[2014.07.06-01.48.28:538][ 92]LogModuleManager: Shutting down and abandoning module WindowsTargetPlatform (57)
[2014.07.06-01.48.28:538][ 92]LogModuleManager: Shutting down and abandoning module WindowsServerTargetPlatform (56)
[2014.07.06-01.48.28:538][ 92]LogModuleManager: Shutting down and abandoning module WindowsNoEditorTargetPlatform (55)
[2014.07.06-01.48.28:538][ 92]LogModuleManager: Shutting down and abandoning module WindowsClientTargetPlatform (54)
[2014.07.06-01.48.28:538][ 92]LogModuleManager: Shutting down and abandoning module TargetPlatform (53)
[2014.07.06-01.48.28:538][ 92]LogModuleManager: Shutting down and abandoning module InputCore (52)
[2014.07.06-01.48.28:538][ 92]LogModuleManager: Shutting down and abandoning module Settings (51)
[2014.07.06-01.48.28:538][ 92]LogModuleManager: Shutting down and abandoning module TextureCompressor (48)
[2014.07.06-01.48.28:538][ 92]LogModuleManager: Shutting down and abandoning module ShaderCore (47)
[2014.07.06-01.48.28:538][ 92]LogModuleManager: Shutting down and abandoning module OpenGLDrv (46)
[2014.07.06-01.48.28:538][ 92]LogModuleManager: Shutting down and abandoning module D3D11RHI (45)
[2014.07.06-01.48.28:538][ 92]LogModuleManager: Shutting down and abandoning module SlateRHIRenderer (44)
[2014.07.06-01.48.28:538][ 92]LogModuleManager: Shutting down and abandoning module Renderer (43)
[2014.07.06-01.48.28:538][ 92]LogModuleManager: Shutting down and abandoning module Engine (42)
[2014.07.06-01.48.28:538][ 92]LogModuleManager: Shutting down and abandoning module SlateRemote (41)
[2014.07.06-01.48.28:538][ 92]LogModuleManager: Shutting down and abandoning module ScriptPlugin (40)
[2014.07.06-01.48.28:538][ 92]LogModuleManager: Shutting down and abandoning module ScriptEditorPlugin (38)
[2014.07.06-01.48.28:538][ 92]LogModuleManager: Shutting down and abandoning module WindowsMoviePlayer (37)
[2014.07.06-01.48.28:540][ 92]LogModuleManager: Shutting down and abandoning module ExampleDeviceProfileSelector (32)
[2014.07.06-01.48.28:540][ 92]LogModuleManager: Shutting down and abandoning module CustomMeshComponent (31)
[2014.07.06-01.48.28:540][ 92]LogModuleManager: Shutting down and abandoning module CableComponent (30)
[2014.07.06-01.48.28:540][ 92]LogModuleManager: Shutting down and abandoning module OculusRift (26)
[2014.07.06-01.48.28:540][ 92]LogModuleManager: Shutting down and abandoning module UdpMessaging (25)
[2014.07.06-01.48.28:641][ 92]LogModuleManager: Shutting down and abandoning module MessagingDebugger (24)
[2014.07.06-01.48.28:641][ 92]LogModuleManager: Shutting down and abandoning module PluginsEditor (14)
[2014.07.06-01.48.28:641][ 92]LogModuleManager: Shutting down and abandoning module IntroTutorials (13)
[2014.07.06-01.48.28:641][ 92]LogModuleManager: Shutting down and abandoning module EpicSurvey (12)
[2014.07.06-01.48.28:641][ 92]LogModuleManager: Shutting down and abandoning module VisualStudioSourceCodeAccess (10)
[2014.07.06-01.48.28:641][ 92]LogModuleManager: Shutting down and abandoning module UObjectPlugin (9)
[2014.07.06-01.48.28:641][ 92]LogModuleManager: Shutting down and abandoning module SubversionSourceControl (8)
[2014.07.06-01.48.28:641][ 92]LogModuleManager: Shutting down and abandoning module PerforceSourceControl (7)
[2014.07.06-01.48.28:641][ 92]LogModuleManager: Shutting down and abandoning module BlankPlugin (6)
[2014.07.06-01.48.28:641][ 92]LogModuleManager: Shutting down and abandoning module CoreUObject (5)
[2014.07.06-01.48.28:641][ 92]LogModuleManager: Shutting down and abandoning module NetworkFile (4)
[2014.07.06-01.48.28:641][ 92]LogModuleManager: Shutting down and abandoning module StreamingFile (3)
[2014.07.06-01.48.28:641][ 92]LogModuleManager: Shutting down and abandoning module SandboxFile (2)
[2014.07.06-01.48.28:641][ 92]LogModuleManager: Shutting down and abandoning module PakFile (1)
[2014.07.06-01.48.28:641][ 92]LogExit: Exiting.
[2014.07.06-01.48.28:648][ 92]Log file closed, 07/05/14 20:48:28
