Log file open, 07/06/14 16:36:16
LogInit:Display: Running engine for game: MyProject3
LogInit: Version: 4.2.0-2092659+++depot+UE4-Releases+4.2
LogInit: Compiled (64-bit): Jun  3 2014 00:56:21
LogInit: Build Configuration: Development
LogInit: Branch Name: ++depot+UE4-Releases+4.2
LogInit: Command line:  
LogInit: Base directory: D:/Program Files/Unreal Engine/4.2/Engine/Binaries/Win64/
LogInit: Rocket: 1
[2014.07.06-21.36.16:844][  0]LogTaskGraph: Started task graph with 3 named threads and 4 total threads.
[2014.07.06-21.36.16:871][  0]LogOnline:Warning: No default platform service specified for OnlineSubsystem
[2014.07.06-21.36.16:902][  0]LogInit: Presizing for 0 objects not considered by GC, pre-allocating 0 bytes.
[2014.07.06-21.36.16:907][  0]LogInit: Object subsystem initialized
[2014.07.06-21.36.16:908][  0]LogInit: Selected Device Profile: [Windows]
[2014.07.06-21.36.16:908][  0]LogInit: Applying CVar settings loaded from the selected device profile: [Windows]
[2014.07.06-21.36.16:916][  0]LogInit: Computer: CHRIS-RIG
[2014.07.06-21.36.16:916][  0]LogInit: User: Chris
[2014.07.06-21.36.16:923][  0]LogInit: CPU Page size=4096, Cores=4
[2014.07.06-21.36.16:923][  0]LogInit: High frequency timer resolution =3.420546 MHz
[2014.07.06-21.36.16:923][  0]LogMemory: Memory total: Physical=16.0GB (16GB approx) Virtual=131072.0GB
[2014.07.06-21.36.16:923][  0]LogMemory: Platform Memory Stats for Windows
[2014.07.06-21.36.16:923][  0]LogMemory: Process Physical Memory: 53.94 MB used, 53.94 MB peak
[2014.07.06-21.36.16:923][  0]LogMemory: Process Virtual Memory: 29.67 MB used, 29.67 MB peak
[2014.07.06-21.36.16:923][  0]LogMemory: Physical Memory: 4422.02 MB used, 16336.30 MB total
[2014.07.06-21.36.16:923][  0]LogMemory: Virtual Memory: 246.07 MB used, 134217728.00 MB total
[2014.07.06-21.36.16:937][  0]LogD3D11RHI: Found D3D11 adapter 0: NVIDIA GeForce GTX 660 Ti (Feature Level 11_0)
[2014.07.06-21.36.16:937][  0]LogD3D11RHI: Adapter has 1989MB of dedicated video memory, 0MB of dedicated system memory, and 2048MB of shared system memory, 2 output[s]
[2014.07.06-21.36.16:938][  0]LogD3D11RHI: Found D3D11 adapter 1: Microsoft Basic Render Driver (Feature Level 11_0)
[2014.07.06-21.36.16:938][  0]LogD3D11RHI: Adapter has 0MB of dedicated video memory, 0MB of dedicated system memory, and 256MB of shared system memory, 0 output[s]
[2014.07.06-21.36.16:938][  0]LogD3D11RHI: Chosen D3D11 Adapter Id = 0
[2014.07.06-21.36.16:972][  0]LogRHI: Texture pool is 1361 MB (70% of 1945 MB)
[2014.07.06-21.36.16:979][  0]LogD3D11RHI: Async texture creation enabled
[2014.07.06-21.36.17:204][  0]LogContentStreaming: Texture pool size is 0.000000MB
[2014.07.06-21.36.18:201][  0]LogTargetPlatformManager:Display: Building Assets For Windows
[2014.07.06-21.36.18:359][  0]LogTargetPlatformManager:Display: Building Assets For Windows
[2014.07.06-21.36.18:386][  0]LogDerivedDataCache:Display: Max Cache Size: 512 MB
[2014.07.06-21.36.18:420][  0]LogDerivedDataCache: Loaded boot cache 0.03s 39MB C:/Users/Chris/AppData/Local/UnrealEngine/4.2/DerivedDataCache/Boot.ddc.
[2014.07.06-21.36.18:420][  0]LogDerivedDataCache:Display: Loaded Boot cache: C:/Users/Chris/AppData/Local/UnrealEngine/4.2/DerivedDataCache/Boot.ddc
[2014.07.06-21.36.18:420][  0]LogDerivedDataCache: FDerivedDataBackendGraph:  Pak pak cache file C:/Users/Chris/Documents/Unreal Projects/MyProject3/DerivedDataCache/DDC.ddp not found, will not use a pak cache.
[2014.07.06-21.36.18:420][  0]LogDerivedDataCache: Unable to find inner node Pak for hierarchical cache Hierarchy.
[2014.07.06-21.36.18:429][  0]LogDerivedDataCache:Display: Pak cache opened for reading ../../../Engine/DerivedDataCache/DDC.ddp.
[2014.07.06-21.36.18:440][  0]LogDerivedDataCache: Using Local data cache path C:/Users/Chris/AppData/Local/UnrealEngine/4.2/DerivedDataCache: Writable
[2014.07.06-21.36.19:800][  0]LogMeshUtilities: No automatic mesh reduction module available
[2014.07.06-21.36.19:800][  0]LogMeshUtilities: No automatic mesh merging module available
[2014.07.06-21.36.20:194][  0]LogInit: WinSock: version 1.1 (2.2), MaxSocks=32767, MaxUdp=65467
[2014.07.06-21.36.20:594][  0]LogStreaming:Warning: Failed to read file '../../../Engine/Content/Editor/Slate/Icons/ActorIcons/GroupActor_16x.png' error.
[2014.07.06-21.36.20:594][  0]LogSlate: Could not find file for Slate resource: ../../../Engine/Content/Editor/Slate/Icons/ActorIcons/GroupActor_16x.png
[2014.07.06-21.36.20:600][  0]LogStreaming:Warning: Failed to read file '../../../Engine/Content/Editor/Slate/Icons/ActorIcons/DecalActor_16x.png' error.
[2014.07.06-21.36.20:600][  0]LogSlate: Could not find file for Slate resource: ../../../Engine/Content/Editor/Slate/Icons/ActorIcons/DecalActor_16x.png
[2014.07.06-21.36.21:028][  0]UdpMessaging: Initializing bridge on interface 0.0.0.0:0 to multicast group 230.0.0.1:6666.
[2014.07.06-21.36.21:115][  0]SourceControl: Info Source control is disabled
[2014.07.06-21.36.21:115][  0]SourceControl: Info Source control is disabled
[2014.07.06-21.36.21:118][  0]SourceControl: Info Source control is disabled
[2014.07.06-21.36.21:220][  0]BlueprintLog: New page: Editor Load
[2014.07.06-21.36.21:249][  0]LogObj: 19136 objects as part of root set at end of initial load.
[2014.07.06-21.36.21:249][  0]LogUObjectAllocator: 3804648 out of 0 bytes used by permanent object pool.
[2014.07.06-21.36.21:440][  0]LogEngine: Initializing Engine...
[2014.07.06-21.36.21:606][  0]LogInit: XAudio2 using 'Speakers (High Definition Audio Device)' : 2 channels at 44.1 kHz using 16 bits per sample (channel mask 0x3)
[2014.07.06-21.36.21:614][  0]LogInit: FAudioDevice initialized.
[2014.07.06-21.36.21:633][  0]LogDerivedDataCache: Saved boot cache 0.02s 39MB C:/Users/Chris/AppData/Local/UnrealEngine/4.2/DerivedDataCache/Boot.ddc.
[2014.07.06-21.36.21:637][  0]LogInit: Texture streaming: Enabled
[2014.07.06-21.36.21:684][  0]LogInit: Transaction tracking system initialized
[2014.07.06-21.36.21:745][  0]LogAssetRegistry: FAssetRegistry took 0.0106 seconds to start up
[2014.07.06-21.36.21:826][  0]LogModuleManager:Warning: ModuleManager: Unable to load module '' because the file was not found.
[2014.07.06-21.36.21:829][  0]LogModuleManager:Warning: ModuleManager: Unable to load module '' because the file was not found.
[2014.07.06-21.36.21:853][  0]LogConsoleResponse:Display: 
[2014.07.06-21.36.22:153][  0]SourceControl: Info Source control is disabled
[2014.07.06-21.36.22:153][  0]Cmd: MAP LOAD FILE="C:/Users/Chris/Documents/Unreal Projects/MyProject3/Content/Maps/Minimal_Default.umap" TEMPLATE=0 SHOWPROGRESS=1 WORLDCOMPOSITION=0
[2014.07.06-21.36.22:155][  0]LightingResults: New page: Lighting Build
[2014.07.06-21.36.22:159][  0]MapCheck: New page: Map Check
[2014.07.06-21.36.22:159][  0]LightingResults: New page: Lighting Build
[2014.07.06-21.36.22:168][  0]LogParticles: Destroying 0 GPU particle simulations for FXSystem 0x00000027D4F64AE0
[2014.07.06-21.36.22:340][  0]LogLinker:Warning: Asset 'C:/Users/Chris/Documents/Unreal Projects/MyProject3/Content/Props/SM_MatPreviewMesh_02.uasset' has been saved with empty engine version. The asset will be loaded but may be incompatible.
[2014.07.06-21.36.22:431][  0]LogEditorServer: Finished looking for orphan Actors (0.000 secs)
[2014.07.06-21.36.22:431][  0]Cmd: MAP CHECKDEP
[2014.07.06-21.36.22:431][  0]MapCheck: New page: Minimal_Default - Jul 6, 2014, 11:36:22 AM
[2014.07.06-21.36.22:453][  0]MapCheck: Info ========== Map Check: 0 Error(s), 0 Warning(s), [21.653ms] ==========
[2014.07.06-21.36.22:453][  0]LogFileHelpers: Loading map 'Minimal_Default' took 0.301
[2014.07.06-21.36.22:537][  0]LogCollectionManager: Loaded 0 collections in 0.000565 seconds
[2014.07.06-21.36.22:597][  0]LogCrashTracker: Crashtracker disabled due to settings.
[2014.07.06-21.36.22:597][  0]Cmd: MODE PLACEMENT
[2014.07.06-21.36.22:639][  0]LogLoad: Full Startup: 6.80 seconds (BP compile: 0.05 seconds)
[2014.07.06-21.36.22:654][  0]LogContentBrowser:Verbose: The content browser source was changed by the sources view to '/Game/Blueprints'
[2014.07.06-21.36.22:779][  0]LogRenderer:Warning: Reallocating scene render targets to support 32x32.
[2014.07.06-21.36.22:890][  0]LogRenderer:Warning: Reallocating scene render targets to support 1520x1256.
[2014.07.06-21.36.23:197][  1]LogEpicStorage:Warning: EnumerateFiles request failed. Invalid response. code=403 error=<?xml version="1.0" encoding="UTF-8"?>
<Error><Code>AccessDenied</Code><Message>Access Denied</Message><RequestId>A577799815520E09</RequestId><HostId>Slw6vlJqo9YuCcbH3waui23Bs7iQCxCjVUKTZKU7r1CP0/P3rPf883zBKOQSF/AP</HostId></Error>
[2014.07.06-21.36.23:203][  1]LogAssetRegistry: Asset discovery search completed in 1.4692 seconds
[2014.07.06-21.36.23:234][  2]LogEpicSurvey:Warning: EnumerateFiles request failed. Invalid response. code=403 error=<?xml version="1.0" encoding="UTF-8"?>
<Error><Code>AccessDenied</Code><Message>Access Denied</Message><RequestId>6E894ABE6CD90B77</RequestId><HostId>GPzCNp6HBtSVfILzEgRXg+LpJNdYtrh02QGQhYwXGva7Vt7CL6J4eG2slIqlltd6</HostId></Error>
[2014.07.06-21.36.23:318][  3]LogEpicStorage:Warning: EnumerateFiles request failed. Invalid response. code=403 error=<?xml version="1.0" encoding="UTF-8"?>
<Error><Code>AccessDenied</Code><Message>Access Denied</Message><RequestId>ADFFA67C4F4B5EEC</RequestId><HostId>dPFvsEb7OkNF7fcdI3S4qvG69ZGherT3RstGmn9pTVrpMKqR3cQ0MdtRJZADYA1s</HostId></Error>
[2014.07.06-21.36.23:337][  4]LogEpicSurvey:Warning: EnumerateFiles request failed. Invalid response. code=403 error=<?xml version="1.0" encoding="UTF-8"?>
<Error><Code>AccessDenied</Code><Message>Access Denied</Message><RequestId>8C0F13B8E00284F1</RequestId><HostId>N2ukS25U2MakNE2835pvdfLG0Rl7g/jC7vgwLVZNBMp00sQ6SX45mItXuALBKMK1</HostId></Error>
[2014.07.06-21.36.23:417][  6]LogEpicSurvey:Warning: EnumerateFiles request failed. Invalid response. code=403 error=<?xml version="1.0" encoding="UTF-8"?>
<Error><Code>AccessDenied</Code><Message>Access Denied</Message><RequestId>ABDFD65EAF107F7E</RequestId><HostId>e39YHKmXmVFofMFXSLds8v6BlKlGoQki3HyN+5dl1uLmwFxFnjLFEqRy2ZpOTptY</HostId></Error>
[2014.07.06-21.36.23:495][  7]LogEpicStorage:Warning: ReadFile request failed. File request already pending for filename=http://cdn.unrealengine.com/newsfeed/blueprint_icon_b.png
[2014.07.06-21.36.23:497][  7]LogEpicStorage:Warning: ReadFile request failed. File request already pending for filename=http://cdn.unrealengine.com/newsfeed/blueprint_icon_b.png
[2014.07.06-21.37.23:170][194]LogRenderer:Warning: Reallocating scene render targets to support 1528x1256.
[2014.07.06-23.30.07:447][201]LogEpicStorage:Warning: ReadFile request failed. File request already pending for filename=http://cdn.unrealengine.com/newsfeed/blueprint_icon_b.png
[2014.07.06-23.30.07:447][201]LogEpicStorage:Warning: ReadFile request failed. File request already pending for filename=http://cdn.unrealengine.com/newsfeed/blueprint_icon_b.png
[2014.07.06-23.45.08:724][343]LogEpicStorage:Warning: ReadFile request failed. File request already pending for filename=http://cdn.unrealengine.com/newsfeed/blueprint_icon_b.png
[2014.07.06-23.45.08:725][343]LogEpicStorage:Warning: ReadFile request failed. File request already pending for filename=http://cdn.unrealengine.com/newsfeed/blueprint_icon_b.png
[2014.07.07-00.00.08:631][351]LogEpicStorage:Warning: ReadFile request failed. File request already pending for filename=http://cdn.unrealengine.com/newsfeed/blueprint_icon_b.png
[2014.07.07-00.00.08:631][351]LogEpicStorage:Warning: ReadFile request failed. File request already pending for filename=http://cdn.unrealengine.com/newsfeed/blueprint_icon_b.png
[2014.07.07-00.12.34:370][792]LogActorComponent: UnregisterComponent: (/Engine/Transient.ProjectileMovementComponent_0) Not registered. Aborting.
[2014.07.07-00.12.34:370][792]LogActorComponent: UnregisterComponent: (/Engine/Transient.ProjectileMovementComponent_1) Not registered. Aborting.
[2014.07.07-00.12.34:741][793]Cmd: QUIT_EDITOR
[2014.07.07-00.12.34:782][793]LogWindowsTextInputMethodSystem:Error: Terminating failed while unadvising the language notification sink from the TSF source.
[2014.07.07-00.12.34:784][793]LogExit: Preparing to exit.
[2014.07.07-00.12.35:095][793]LogExit: Editor shut down
[2014.07.07-00.12.35:096][793]LogExit: Transaction tracking system shut down
[2014.07.07-00.12.35:096][793]LogParticles: Destroying 0 GPU particle simulations for FXSystem 0x00000027D1F1D4E0
[2014.07.07-00.12.35:109][793]LogParticles: Destroying 0 GPU particle simulations for FXSystem 0x00000027D0914900
[2014.07.07-00.12.35:109][793]LogParticles: Destroying 0 GPU particle simulations for FXSystem 0x00000027D16194E0
[2014.07.07-00.12.35:109][793]LogExit: Object subsystem successfully closed.
[2014.07.07-00.12.35:129][793]LogModuleManager: Shutting down and abandoning module DesktopPlatform (164)
[2014.07.07-00.12.35:129][793]LogModuleManager: Shutting down and abandoning module AndroidDeviceDetection (163)
[2014.07.07-00.12.35:129][793]LogModuleManager: Shutting down and abandoning module CrashTracker (162)
[2014.07.07-00.12.35:129][793]LogModuleManager: Shutting down and abandoning module HTTP (161)
[2014.07.07-00.12.35:129][793]LogModuleManager: Shutting down and abandoning module NewsFeed (160)
[2014.07.07-00.12.35:129][793]LogModuleManager: Shutting down and abandoning module SceneOutliner (159)
[2014.07.07-00.12.35:129][793]LogModuleManager: Shutting down and abandoning module EditorWidgets (158)
[2014.07.07-00.12.35:129][793]LogModuleManager: Shutting down and abandoning module CollectionManager (157)
[2014.07.07-00.12.35:129][793]LogModuleManager: Shutting down and abandoning module StatsViewer (156)
[2014.07.07-00.12.35:129][793]LogModuleManager: Shutting down and abandoning module FoliageEdit (155)
[2014.07.07-00.12.35:129][793]LogModuleManager: Shutting down and abandoning module LandscapeEditor (154)
[2014.07.07-00.12.35:132][793]LogModuleManager: Shutting down and abandoning module MeshPaint (153)
[2014.07.07-00.12.35:132][793]LogModuleManager: Shutting down and abandoning module ActorPickerMode (152)
[2014.07.07-00.12.35:132][793]LogModuleManager: Shutting down and abandoning module GeometryMode (151)
[2014.07.07-00.12.35:132][793]LogModuleManager: Shutting down and abandoning module TextureAlignMode (150)
[2014.07.07-00.12.35:132][793]LogModuleManager: Shutting down and abandoning module BspMode (149)
[2014.07.07-00.12.35:132][793]LogModuleManager: Shutting down and abandoning module PlacementMode (148)
[2014.07.07-00.12.35:133][793]LogModuleManager: Shutting down and abandoning module AutomationWorker (147)
[2014.07.07-00.12.35:133][793]LogModuleManager: Shutting down and abandoning module ViewportSnapping (146)
[2014.07.07-00.12.35:133][793]LogModuleManager: Shutting down and abandoning module DeviceProfileEditor (145)
[2014.07.07-00.12.35:133][793]LogModuleManager: Shutting down and abandoning module UndoHistory (144)
[2014.07.07-00.12.35:133][793]LogModuleManager: Shutting down and abandoning module GameplayTagsEditor (143)
[2014.07.07-00.12.35:133][793]LogModuleManager: Shutting down and abandoning module UserFeedback (142)
[2014.07.07-00.12.35:133][793]LogModuleManager: Shutting down and abandoning module XmlParser (141)
[2014.07.07-00.12.35:133][793]LogModuleManager: Shutting down and abandoning module Blutility (140)
[2014.07.07-00.12.35:133][793]LogModuleManager: Shutting down and abandoning module AndroidPlatformEditor (137)
[2014.07.07-00.12.35:133][793]LogModuleManager: Shutting down and abandoning module AndroidRuntimeSettings (136)
[2014.07.07-00.12.35:133][793]LogModuleManager: Shutting down and abandoning module ProjectSettingsViewer (135)
[2014.07.07-00.12.35:133][793]LogModuleManager: Shutting down and abandoning module InputBindingEditor (134)
[2014.07.07-00.12.35:133][793]LogModuleManager: Shutting down and abandoning module EditorSettingsViewer (133)
[2014.07.07-00.12.35:133][793]LogModuleManager: Shutting down and abandoning module SettingsEditor (132)
[2014.07.07-00.12.35:133][793]LogModuleManager: Shutting down and abandoning module SessionLauncher (131)
[2014.07.07-00.12.35:133][793]LogModuleManager: Shutting down and abandoning module SessionFrontend (130)
[2014.07.07-00.12.35:133][793]LogModuleManager: Shutting down and abandoning module ProfilerClient (129)
[2014.07.07-00.12.35:133][793]LogModuleManager: Shutting down and abandoning module TargetDeviceServices (128)
[2014.07.07-00.12.35:133][793]LogModuleManager: Shutting down and abandoning module DeviceManager (127)
[2014.07.07-00.12.35:133][793]LogModuleManager: Shutting down and abandoning module AutomationController (126)
[2014.07.07-00.12.35:133][793]LogModuleManager: Shutting down and abandoning module AutomationWindow (125)
[2014.07.07-00.12.35:133][793]LogModuleManager: Shutting down and abandoning module Layers (124)
[2014.07.07-00.12.35:133][793]LogModuleManager: Shutting down and abandoning module ComponentVisualizers (123)
[2014.07.07-00.12.35:133][793]LogModuleManager: Shutting down and abandoning module DetailCustomizations (122)
[2014.07.07-00.12.35:133][793]LogModuleManager: Shutting down and abandoning module PackagesDialog (121)
[2014.07.07-00.12.35:133][793]LogModuleManager: Shutting down and abandoning module PropertyEditor (120)
[2014.07.07-00.12.35:133][793]LogModuleManager: Shutting down and abandoning module DirectoryWatcher (119)
[2014.07.07-00.12.35:134][793]LogModuleManager: Shutting down and abandoning module AssetRegistry (118)
[2014.07.07-00.12.35:224][793]LogModuleManager: Shutting down and abandoning module Persona (117)
[2014.07.07-00.12.35:224][793]LogModuleManager: Shutting down and abandoning module GraphEditor (116)
[2014.07.07-00.12.35:224][793]LogModuleManager: Shutting down and abandoning module ContentBrowser (115)
[2014.07.07-00.12.35:224][793]LogModuleManager: Shutting down and abandoning module ClassViewer (114)
[2014.07.07-00.12.35:224][793]LogModuleManager: Shutting down and abandoning module Toolbox (113)
[2014.07.07-00.12.35:224][793]LogModuleManager: Shutting down and abandoning module ModuleUI (112)
[2014.07.07-00.12.35:224][793]LogModuleManager: Shutting down and abandoning module Sequencer (111)
[2014.07.07-00.12.35:224][793]LogModuleManager: Shutting down and abandoning module AssetTools (110)
[2014.07.07-00.12.35:224][793]LogModuleManager: Shutting down and abandoning module MovieSceneTools (109)
[2014.07.07-00.12.35:224][793]LogModuleManager: Shutting down and abandoning module OutputLog (108)
[2014.07.07-00.12.35:224][793]LogModuleManager: Shutting down and abandoning module GammaUI (107)
[2014.07.07-00.12.35:224][793]LogModuleManager: Shutting down and abandoning module Documentation (106)
[2014.07.07-00.12.35:224][793]LogModuleManager: Shutting down and abandoning module StreamingPauseRendering (105)
[2014.07.07-00.12.35:224][793]LogModuleManager: Shutting down and abandoning module AnalyticsET (104)
[2014.07.07-00.12.35:224][793]LogModuleManager: Shutting down and abandoning module Analytics (103)
[2014.07.07-00.12.35:224][793]LogModuleManager: Shutting down and abandoning module ProfilerService (102)
[2014.07.07-00.12.35:348][793]LogModuleManager: Shutting down and abandoning module TaskGraph (101)
[2014.07.07-00.12.35:348][793]LogModuleManager: Shutting down and abandoning module GameProjectGeneration (100)
[2014.07.07-00.12.35:348][793]LogModuleManager: Shutting down and abandoning module Matinee (99)
[2014.07.07-00.12.35:348][793]LogModuleManager: Shutting down and abandoning module Kismet (98)
[2014.07.07-00.12.35:348][793]LogModuleManager: Shutting down and abandoning module SlateReflector (97)
[2014.07.07-00.12.35:348][793]LogModuleManager: Shutting down and abandoning module LevelEditor (96)
[2014.07.07-00.12.35:348][793]LogModuleManager: Shutting down and abandoning module MainFrame (95)
[2014.07.07-00.12.35:349][793]LogModuleManager: Shutting down and abandoning module SourceControl (94)
[2014.07.07-00.12.35:349][793]LogModuleManager: Shutting down and abandoning module ImageWrapper (93)
[2014.07.07-00.12.35:349][793]LogModuleManager: Shutting down and abandoning module OnlineBlueprintSupport (92)
[2014.07.07-00.12.35:349][793]LogModuleManager: Shutting down and abandoning module FunctionalTesting (91)
[2014.07.07-00.12.35:349][793]LogModuleManager: Shutting down and abandoning module CollisionAnalyzer (90)
[2014.07.07-00.12.35:349][793]LogModuleManager: Shutting down and abandoning module WorkspaceMenuStructure (89)
[2014.07.07-00.12.35:349][793]LogModuleManager: Shutting down and abandoning module MessageLog (88)
[2014.07.07-00.12.35:349][793]LogModuleManager: Shutting down and abandoning module Slate (87)
[2014.07.07-00.12.35:349][793]LogModuleManager: Shutting down and abandoning module EditorStyle (86)
[2014.07.07-00.12.35:350][793]LogModuleManager: Shutting down and abandoning module SessionServices (85)
[2014.07.07-00.12.35:350][793]LogModuleManager: Shutting down and abandoning module Messaging (84)
[2014.07.07-00.12.35:350][793]LogModuleManager: Shutting down and abandoning module SourceCodeAccess (83)
[2014.07.07-00.12.35:350][793]LogModuleManager: Shutting down and abandoning module HeadMountedDisplay (82)
[2014.07.07-00.12.35:350][793]LogModuleManager: Shutting down and abandoning module XAudio2 (81)
[2014.07.07-00.12.35:350][793]LogModuleManager: Shutting down and abandoning module Networking (79)
[2014.07.07-00.12.35:350][793]LogModuleManager: Shutting down and abandoning module Core (78)
[2014.07.07-00.12.35:350][793]LogModuleManager: Shutting down and abandoning module KismetCompiler (77)
[2014.07.07-00.12.35:350][793]LogModuleManager: Shutting down and abandoning module PhysXFormats (76)
[2014.07.07-00.12.35:350][793]LogModuleManager: Shutting down and abandoning module SimplygonMeshReduction (75)
[2014.07.07-00.12.35:350][793]LogModuleManager: Shutting down and abandoning module MeshUtilities (74)
[2014.07.07-00.12.35:350][793]LogModuleManager: Shutting down and abandoning module DerivedDataCache (73)
[2014.07.07-00.12.35:412][793]LogDerivedDataCache: Shutdown
[2014.07.07-00.12.35:412][793]LogModuleManager: Shutting down and abandoning module ShaderFormatOpenGL (72)
[2014.07.07-00.12.35:412][793]LogModuleManager: Shutting down and abandoning module ShaderFormatD3D (71)
[2014.07.07-00.12.35:412][793]LogModuleManager: Shutting down and abandoning module TextureFormatUncompressed (70)
[2014.07.07-00.12.35:412][793]LogModuleManager: Shutting down and abandoning module TextureFormatPVR (69)
[2014.07.07-00.12.35:412][793]LogModuleManager: Shutting down and abandoning module TextureFormatDXT (68)
[2014.07.07-00.12.35:412][793]LogModuleManager: Shutting down and abandoning module TextureFormatAndroid (67)
[2014.07.07-00.12.35:412][793]LogModuleManager: Shutting down and abandoning module AudioFormatOpus (66)
[2014.07.07-00.12.35:412][793]LogModuleManager: Shutting down and abandoning module AudioFormatOgg (65)
[2014.07.07-00.12.35:412][793]LogModuleManager: Shutting down and abandoning module AudioFormatADPCM (64)
[2014.07.07-00.12.35:412][793]LogModuleManager: Shutting down and abandoning module Android_PVRTCTargetPlatform (63)
[2014.07.07-00.12.35:412][793]LogModuleManager: Shutting down and abandoning module Android_ETC2TargetPlatform (62)
[2014.07.07-00.12.35:412][793]LogModuleManager: Shutting down and abandoning module Android_ETC1TargetPlatform (61)
[2014.07.07-00.12.35:412][793]LogModuleManager: Shutting down and abandoning module Android_DXTTargetPlatform (60)
[2014.07.07-00.12.35:412][793]LogModuleManager: Shutting down and abandoning module Android_ATCTargetPlatform (59)
[2014.07.07-00.12.35:412][793]LogModuleManager: Shutting down and abandoning module AndroidTargetPlatform (58)
[2014.07.07-00.12.35:412][793]LogModuleManager: Shutting down and abandoning module WindowsTargetPlatform (57)
[2014.07.07-00.12.35:412][793]LogModuleManager: Shutting down and abandoning module WindowsServerTargetPlatform (56)
[2014.07.07-00.12.35:412][793]LogModuleManager: Shutting down and abandoning module WindowsNoEditorTargetPlatform (55)
[2014.07.07-00.12.35:412][793]LogModuleManager: Shutting down and abandoning module WindowsClientTargetPlatform (54)
[2014.07.07-00.12.35:412][793]LogModuleManager: Shutting down and abandoning module TargetPlatform (53)
[2014.07.07-00.12.35:412][793]LogModuleManager: Shutting down and abandoning module InputCore (52)
[2014.07.07-00.12.35:412][793]LogModuleManager: Shutting down and abandoning module Settings (51)
[2014.07.07-00.12.35:412][793]LogModuleManager: Shutting down and abandoning module TextureCompressor (48)
[2014.07.07-00.12.35:412][793]LogModuleManager: Shutting down and abandoning module ShaderCore (47)
[2014.07.07-00.12.35:412][793]LogModuleManager: Shutting down and abandoning module OpenGLDrv (46)
[2014.07.07-00.12.35:412][793]LogModuleManager: Shutting down and abandoning module D3D11RHI (45)
[2014.07.07-00.12.35:412][793]LogModuleManager: Shutting down and abandoning module SlateRHIRenderer (44)
[2014.07.07-00.12.35:412][793]LogModuleManager: Shutting down and abandoning module Renderer (43)
[2014.07.07-00.12.35:412][793]LogModuleManager: Shutting down and abandoning module Engine (42)
[2014.07.07-00.12.35:412][793]LogModuleManager: Shutting down and abandoning module SlateRemote (41)
[2014.07.07-00.12.35:412][793]LogModuleManager: Shutting down and abandoning module ScriptPlugin (40)
[2014.07.07-00.12.35:412][793]LogModuleManager: Shutting down and abandoning module ScriptEditorPlugin (38)
[2014.07.07-00.12.35:412][793]LogModuleManager: Shutting down and abandoning module WindowsMoviePlayer (37)
[2014.07.07-00.12.35:414][793]LogModuleManager: Shutting down and abandoning module ExampleDeviceProfileSelector (32)
[2014.07.07-00.12.35:414][793]LogModuleManager: Shutting down and abandoning module CustomMeshComponent (31)
[2014.07.07-00.12.35:414][793]LogModuleManager: Shutting down and abandoning module CableComponent (30)
[2014.07.07-00.12.35:414][793]LogModuleManager: Shutting down and abandoning module OculusRift (26)
[2014.07.07-00.12.35:414][793]LogModuleManager: Shutting down and abandoning module UdpMessaging (25)
[2014.07.07-00.12.35:515][793]LogModuleManager: Shutting down and abandoning module MessagingDebugger (24)
[2014.07.07-00.12.35:515][793]LogModuleManager: Shutting down and abandoning module PluginsEditor (14)
[2014.07.07-00.12.35:515][793]LogModuleManager: Shutting down and abandoning module IntroTutorials (13)
[2014.07.07-00.12.35:515][793]LogModuleManager: Shutting down and abandoning module EpicSurvey (12)
[2014.07.07-00.12.35:515][793]LogModuleManager: Shutting down and abandoning module VisualStudioSourceCodeAccess (10)
[2014.07.07-00.12.35:515][793]LogModuleManager: Shutting down and abandoning module UObjectPlugin (9)
[2014.07.07-00.12.35:515][793]LogModuleManager: Shutting down and abandoning module SubversionSourceControl (8)
[2014.07.07-00.12.35:515][793]LogModuleManager: Shutting down and abandoning module PerforceSourceControl (7)
[2014.07.07-00.12.35:515][793]LogModuleManager: Shutting down and abandoning module BlankPlugin (6)
[2014.07.07-00.12.35:515][793]LogModuleManager: Shutting down and abandoning module CoreUObject (5)
[2014.07.07-00.12.35:515][793]LogModuleManager: Shutting down and abandoning module NetworkFile (4)
[2014.07.07-00.12.35:515][793]LogModuleManager: Shutting down and abandoning module StreamingFile (3)
[2014.07.07-00.12.35:515][793]LogModuleManager: Shutting down and abandoning module SandboxFile (2)
[2014.07.07-00.12.35:515][793]LogModuleManager: Shutting down and abandoning module PakFile (1)
[2014.07.07-00.12.35:515][793]LogExit: Exiting.
[2014.07.07-00.12.35:517][793]Log file closed, 07/06/14 19:12:35
