Log file open, 07/05/14 19:37:07
LogInit:Display: Running engine for game: MyProject3
LogInit: Version: 4.2.0-2092659+++depot+UE4-Releases+4.2
LogInit: Compiled (64-bit): Jun  3 2014 00:56:21
LogInit: Build Configuration: Development
LogInit: Branch Name: ++depot+UE4-Releases+4.2
LogInit: Command line: 
LogInit: Base directory: D:/Program Files/Unreal Engine/4.2/Engine/Binaries/Win64/
LogInit: Rocket: 1
[2014.07.06-00.37.07:762][  0]LogTaskGraph: Started task graph with 3 named threads and 4 total threads.
[2014.07.06-00.37.07:786][  0]LogOnline:Warning: No default platform service specified for OnlineSubsystem
[2014.07.06-00.37.07:791][  0]LogInit: Presizing for 0 objects not considered by GC, pre-allocating 0 bytes.
[2014.07.06-00.37.07:795][  0]LogInit: Object subsystem initialized
[2014.07.06-00.37.07:797][  0]LogInit: Selected Device Profile: [Windows]
[2014.07.06-00.37.07:797][  0]LogInit: Applying CVar settings loaded from the selected device profile: [Windows]
[2014.07.06-00.37.07:799][  0]LogInit: Computer: CHRIS-RIG
[2014.07.06-00.37.07:799][  0]LogInit: User: Chris
[2014.07.06-00.37.07:801][  0]LogInit: CPU Page size=4096, Cores=4
[2014.07.06-00.37.07:801][  0]LogInit: High frequency timer resolution =3.420546 MHz
[2014.07.06-00.37.07:801][  0]LogMemory: Memory total: Physical=16.0GB (16GB approx) Virtual=131072.0GB
[2014.07.06-00.37.07:802][  0]LogMemory: Platform Memory Stats for Windows
[2014.07.06-00.37.07:802][  0]LogMemory: Process Physical Memory: 53.76 MB used, 53.85 MB peak
[2014.07.06-00.37.07:802][  0]LogMemory: Process Virtual Memory: 29.52 MB used, 29.63 MB peak
[2014.07.06-00.37.07:802][  0]LogMemory: Physical Memory: 3915.30 MB used, 16336.30 MB total
[2014.07.06-00.37.07:802][  0]LogMemory: Virtual Memory: 246.07 MB used, 134217728.00 MB total
[2014.07.06-00.37.07:815][  0]LogD3D11RHI: Found D3D11 adapter 0: NVIDIA GeForce GTX 660 Ti (Feature Level 11_0)
[2014.07.06-00.37.07:815][  0]LogD3D11RHI: Adapter has 1989MB of dedicated video memory, 0MB of dedicated system memory, and 2048MB of shared system memory, 2 output[s]
[2014.07.06-00.37.07:815][  0]LogD3D11RHI: Found D3D11 adapter 1: Microsoft Basic Render Driver (Feature Level 11_0)
[2014.07.06-00.37.07:815][  0]LogD3D11RHI: Adapter has 0MB of dedicated video memory, 0MB of dedicated system memory, and 256MB of shared system memory, 0 output[s]
[2014.07.06-00.37.07:815][  0]LogD3D11RHI: Chosen D3D11 Adapter Id = 0
[2014.07.06-00.37.07:826][  0]LogRHI: Texture pool is 1361 MB (70% of 1945 MB)
[2014.07.06-00.37.07:832][  0]LogD3D11RHI: Async texture creation enabled
[2014.07.06-00.37.07:902][  0]LogContentStreaming: Texture pool size is 0.000000MB
[2014.07.06-00.37.08:493][  0]LogTargetPlatformManager:Display: Building Assets For Windows
[2014.07.06-00.37.08:546][  0]LogTargetPlatformManager:Display: Building Assets For Windows
[2014.07.06-00.37.08:567][  0]LogDerivedDataCache:Display: Max Cache Size: 512 MB
[2014.07.06-00.37.08:596][  0]LogDerivedDataCache: Loaded boot cache 0.03s 39MB C:/Users/Chris/AppData/Local/UnrealEngine/4.2/DerivedDataCache/Boot.ddc.
[2014.07.06-00.37.08:596][  0]LogDerivedDataCache:Display: Loaded Boot cache: C:/Users/Chris/AppData/Local/UnrealEngine/4.2/DerivedDataCache/Boot.ddc
[2014.07.06-00.37.08:596][  0]LogDerivedDataCache: FDerivedDataBackendGraph:  Pak pak cache file C:/Users/Chris/Documents/Unreal Projects/MyProject3/DerivedDataCache/DDC.ddp not found, will not use a pak cache.
[2014.07.06-00.37.08:596][  0]LogDerivedDataCache: Unable to find inner node Pak for hierarchical cache Hierarchy.
[2014.07.06-00.37.08:603][  0]LogDerivedDataCache:Display: Pak cache opened for reading ../../../Engine/DerivedDataCache/DDC.ddp.
[2014.07.06-00.37.08:615][  0]LogDerivedDataCache: Using Local data cache path C:/Users/Chris/AppData/Local/UnrealEngine/4.2/DerivedDataCache: Writable
[2014.07.06-00.37.08:723][  0]LogMeshUtilities: No automatic mesh reduction module available
[2014.07.06-00.37.08:723][  0]LogMeshUtilities: No automatic mesh merging module available
[2014.07.06-00.37.08:936][  0]LogInit: WinSock: version 1.1 (2.2), MaxSocks=32767, MaxUdp=65467
[2014.07.06-00.37.09:149][  0]LogStreaming:Warning: Failed to read file '../../../Engine/Content/Editor/Slate/Icons/ActorIcons/GroupActor_16x.png' error.
[2014.07.06-00.37.09:149][  0]LogSlate: Could not find file for Slate resource: ../../../Engine/Content/Editor/Slate/Icons/ActorIcons/GroupActor_16x.png
[2014.07.06-00.37.09:152][  0]LogStreaming:Warning: Failed to read file '../../../Engine/Content/Editor/Slate/Icons/ActorIcons/DecalActor_16x.png' error.
[2014.07.06-00.37.09:152][  0]LogSlate: Could not find file for Slate resource: ../../../Engine/Content/Editor/Slate/Icons/ActorIcons/DecalActor_16x.png
[2014.07.06-00.37.09:332][  0]UdpMessaging: Initializing bridge on interface 0.0.0.0:0 to multicast group 230.0.0.1:6666.
[2014.07.06-00.37.09:401][  0]SourceControl: Info Source control is disabled
[2014.07.06-00.37.09:401][  0]SourceControl: Info Source control is disabled
[2014.07.06-00.37.09:403][  0]SourceControl: Info Source control is disabled
[2014.07.06-00.37.09:454][  0]BlueprintLog: New page: Editor Load
[2014.07.06-00.37.09:474][  0]LogObj: 19136 objects as part of root set at end of initial load.
[2014.07.06-00.37.09:474][  0]LogUObjectAllocator: 3804648 out of 0 bytes used by permanent object pool.
[2014.07.06-00.37.09:640][  0]LogEngine: Initializing Engine...
[2014.07.06-00.37.09:720][  0]LogInit: XAudio2 using 'Speakers (Logitech G930 Headset)' : 8 channels at 48 kHz using 16 bits per sample (channel mask 0x63f)
[2014.07.06-00.37.09:730][  0]LogInit: FAudioDevice initialized.
[2014.07.06-00.37.09:748][  0]LogDerivedDataCache: Saved boot cache 0.02s 39MB C:/Users/Chris/AppData/Local/UnrealEngine/4.2/DerivedDataCache/Boot.ddc.
[2014.07.06-00.37.09:752][  0]LogInit: Texture streaming: Enabled
[2014.07.06-00.37.09:775][  0]LogInit: Transaction tracking system initialized
[2014.07.06-00.37.09:836][  0]LogAssetRegistry: FAssetRegistry took 0.0105 seconds to start up
[2014.07.06-00.37.09:916][  0]LogModuleManager:Warning: ModuleManager: Unable to load module '' because the file was not found.
[2014.07.06-00.37.09:919][  0]LogModuleManager:Warning: ModuleManager: Unable to load module '' because the file was not found.
[2014.07.06-00.37.09:943][  0]LogConsoleResponse:Display: 
[2014.07.06-00.37.10:069][  0]SourceControl: Info Source control is disabled
[2014.07.06-00.37.10:069][  0]Cmd: MAP LOAD FILE="C:/Users/Chris/Documents/Unreal Projects/MyProject3/Content/Maps/Minimal_Default.umap" TEMPLATE=0 SHOWPROGRESS=1 WORLDCOMPOSITION=0
[2014.07.06-00.37.10:069][  0]LightingResults: New page: Lighting Build
[2014.07.06-00.37.10:074][  0]MapCheck: New page: Map Check
[2014.07.06-00.37.10:074][  0]LightingResults: New page: Lighting Build
[2014.07.06-00.37.10:083][  0]LogParticles: Destroying 0 GPU particle simulations for FXSystem 0x0000001F747E8AE0
[2014.07.06-00.37.10:194][  0]LoadErrors:Error: Error Failed import: Texture2D /Game/Textures/T_Rock_08_D.T_Rock_08_D  in /Game/Props/Materials/M_Rock
[2014.07.06-00.37.10:195][  0]LoadErrors:Error: Error Failed import: Texture2D /Game/Textures/T_Rock_08_N.T_Rock_08_N  in /Game/Props/Materials/M_Rock
[2014.07.06-00.37.10:223][  0]LogMaterial: Missing cached shader map for material M_Rock, compiling.
[2014.07.06-00.37.10:224][  0]LogMaterial:Warning: Failed to compile Material /Game/Props/Materials/M_Rock.M_Rock for platform PCD3D_SM5, Default Material will be used in game.
[2014.07.06-00.37.10:224][  0]LogMaterial:Warning: 	(Node TextureSample) TextureSample> Missing input texture
[2014.07.06-00.37.10:224][  0]LogMaterial:Warning: 	Function BlendAngleCorrectedNormals: (Node TextureSample) TextureSample> Missing input texture
[2014.07.06-00.37.10:245][  0]LogEditorServer: Finished looking for orphan Actors (0.000 secs)
[2014.07.06-00.37.10:245][  0]Cmd: MAP CHECKDEP
[2014.07.06-00.37.10:245][  0]MapCheck: New page: Minimal_Default - Jul 5, 2014, 2:37:10 PM
[2014.07.06-00.37.10:269][  0]MapCheck: Info ========== Map Check: 0 Error(s), 0 Warning(s), [23.317ms] ==========
[2014.07.06-00.37.10:269][  0]LogFileHelpers: Loading map 'Minimal_Default' took 0.200
[2014.07.06-00.37.10:336][  0]LogCollectionManager: Loaded 0 collections in 0.000554 seconds
[2014.07.06-00.37.10:389][  0]LogCrashTracker: Crashtracker disabled due to settings.
[2014.07.06-00.37.10:389][  0]Cmd: MODE PLACEMENT
[2014.07.06-00.37.10:431][  0]LogLoad: Full Startup: 3.11 seconds (BP compile: 0.05 seconds)
[2014.07.06-00.37.10:441][  0]LogContentBrowser:Verbose: The content browser source was changed by the sources view to '/Game/Blueprints'
[2014.07.06-00.37.10:532][  0]LogRenderer:Warning: Reallocating scene render targets to support 32x32.
[2014.07.06-00.37.10:610][  0]LogRenderer:Warning: Reallocating scene render targets to support 1520x1256.
[2014.07.06-00.37.10:871][  1]LogEpicStorage:Warning: EnumerateFiles request failed. Invalid response. code=403 error=<?xml version="1.0" encoding="UTF-8"?>
<Error><Code>AccessDenied</Code><Message>Access Denied</Message><RequestId>100C8714EE1AE99A</RequestId><HostId>esodVNBOyLCGXDmAS7nPkDR43oy5rP8LevqrjKb+kvALcObgnGBl84f3tHzdH3+v</HostId></Error>
[2014.07.06-00.37.10:872][  1]LogAssetRegistry: Asset discovery search completed in 1.0468 seconds
[2014.07.06-00.37.10:899][  2]LogEpicSurvey:Warning: EnumerateFiles request failed. Invalid response. code=403 error=<?xml version="1.0" encoding="UTF-8"?>
<Error><Code>AccessDenied</Code><Message>Access Denied</Message><RequestId>7B89CB33FC7AEF0B</RequestId><HostId>SWH1xsj8Y7mN6osF2zquhn2WzgSRNxSOl9dVR3a65ryfPlWbafrD+chnZiBRedEP</HostId></Error>
[2014.07.06-00.37.10:970][  3]LogEpicStorage:Warning: EnumerateFiles request failed. Invalid response. code=403 error=<?xml version="1.0" encoding="UTF-8"?>
<Error><Code>AccessDenied</Code><Message>Access Denied</Message><RequestId>A5C75578243C0A07</RequestId><HostId>74OBztAf1BHoZ9KTT18FniYRBIJ+caJJIuAFiX5CjxS8jPTk86lXCqhmoavJeJy/</HostId></Error>
[2014.07.06-00.37.10:983][  4]LogEpicSurvey:Warning: EnumerateFiles request failed. Invalid response. code=403 error=<?xml version="1.0" encoding="UTF-8"?>
<Error><Code>AccessDenied</Code><Message>Access Denied</Message><RequestId>689DBED75A4409EF</RequestId><HostId>FcmhobzNjEIYmZ+mBfadcUKvrIQ3DNFCV9wZgLhYILLK1xpv3ajIfKs7LQIGOODf</HostId></Error>
[2014.07.06-00.37.11:050][  6]LogEpicSurvey:Warning: EnumerateFiles request failed. Invalid response. code=403 error=<?xml version="1.0" encoding="UTF-8"?>
<Error><Code>AccessDenied</Code><Message>Access Denied</Message><RequestId>F960C47A1D89E842</RequestId><HostId>5S20DvjqAapCkTDY7wGfUp/4+Ck25v1jU6mbsbhY76VACltloWkGvUWtModrNd1W</HostId></Error>
[2014.07.06-00.37.11:136][  8]LogEpicStorage:Warning: ReadFile request failed. File request already pending for filename=http://cdn.unrealengine.com/newsfeed/blueprint_icon_b.png
[2014.07.06-00.37.11:136][  8]LogEpicStorage:Warning: ReadFile request failed. File request already pending for filename=http://cdn.unrealengine.com/newsfeed/blueprint_icon_b.png
[2014.07.06-00.37.25:311][905]LogEditorViewport: Clicking on Actor (LMB): fallRock_C (fallRock)
[2014.07.06-00.37.26:325][971]Cmd: DELETE
[2014.07.06-00.37.26:325][971]Cmd: ACTOR DELETE
[2014.07.06-00.37.26:328][971]LogEditorActor: Deleted Actor: fallRock_C
[2014.07.06-00.37.26:328][971]LogActorComponent: UnregisterComponent: (/Engine/Transient.ProjectileMovementComponent_0) Not registered. Aborting.
[2014.07.06-00.37.26:344][971]LogEditorActor: Deleted 1 Actors (0.020 secs)
[2014.07.06-00.37.27:193][ 28]LogEditorViewport: Clicking on Actor (LMB): TargetPoint (TargetPoint3)
[2014.07.06-00.37.28:203][ 95]Cmd: DELETE
[2014.07.06-00.37.28:203][ 95]Cmd: ACTOR DELETE
[2014.07.06-00.37.31:899][ 95]LogEditorActor: Deleted 0 Actors (3.696 secs)
[2014.07.06-00.38.02:287][103]LogEditorViewport: Clicking on Actor (LMB): BP_Sky_Sphere_C (BP_Sky_Sphere)
[2014.07.06-00.38.19:480][188]LogEditorViewport: Clicking on Actor (LMB): TargetPoint (TargetPoint3)
[2014.07.06-00.41.00:773][912]LogActorComponent: UnregisterComponent: (/Engine/Transient.ProjectileMovementComponent_1) Not registered. Aborting.
[2014.07.06-00.41.16:809][385]BlueprintLog: New page: Pre-PIE auto-recompile
[2014.07.06-00.41.16:816][385]LogActorComponent: UnregisterComponent: (/Engine/Transient.ProjectileMovementComponent_2) Not registered. Aborting.
[2014.07.06-00.41.16:817][385]LogPlayLevel: [PIE] Compiling Blueprint_Projectile before PIE...
[2014.07.06-00.41.17:019][385]LogPlayLevel: [PIE] Compiling TemplateRoom2 before PIE...
[2014.07.06-00.41.17:228][385]LogPlayLevel: PIE:  Blueprint regeneration took 419 ms (2 blueprints)
[2014.07.06-00.41.17:228][385]PIE: New page: PIE session: Minimal_Default (Jul 5, 2014, 2:41:17 PM)
[2014.07.06-00.41.17:230][385]LogBlueprint:Warning: FMemberReference::ResolveMember (GetTransform) bSelfContext == true, but no scope supplied!
[2014.07.06-00.41.17:230][385]LogBlueprint:Warning: FMemberReference::ResolveMember (GetTransform) bSelfContext == true, but no scope supplied!
[2014.07.06-00.41.17:230][385]LogBlueprint:Warning: FMemberReference::ResolveMember (GetTransform) bSelfContext == true, but no scope supplied!
[2014.07.06-00.41.17:230][385]LogBlueprint:Warning: FMemberReference::ResolveMember (GetTransform) bSelfContext == true, but no scope supplied!
[2014.07.06-00.41.17:230][385]LogPlayLevel: PIE: StaticDuplicateObject took: (0.002190s)
[2014.07.06-00.41.17:231][385]LogPlayLevel: PIE: World Init took: (0.000823s)
[2014.07.06-00.41.17:231][385]LogPlayLevel: PIE: Created PIE world by copying editor world from /Game/Maps/Minimal_Default.Minimal_Default to /Game/Maps/UEDPIE_0_Minimal_Default.Minimal_Default (0.003233s)
[2014.07.06-00.41.17:231][385]LogWorld: Game class is 'GameMode'
[2014.07.06-00.41.17:273][385]LogWorld: Bringing World /Game/Maps/UEDPIE_0_Minimal_Default.Minimal_Default up for play (max tick rate 0) at 2014.07.05-19.41.17
[2014.07.06-00.41.17:273][385]LogWorld: Bringing up level for play took: 0.001020
[2014.07.06-00.41.17:273][385]LogPlayerController: Spawned spectator SpectatorPawn_0 [server:1]
[2014.07.06-00.41.17:273][385]LogGameMode: RestartPlayer 256
[2014.07.06-00.41.17:273][385]LogPlayerController: ClientRestart_Implementation DefaultPawn_0
[2014.07.06-00.41.17:273][385]LogPlayerController: ServerAcknowledgePossession_Implementation DefaultPawn_0
[2014.07.06-00.41.17:275][385]PIE: Info Play in editor start time for /Game/Maps/UEDPIE_0_Minimal_Default 1.169
[2014.07.06-00.41.17:359][386]LogRenderer:Warning: Reallocating scene render targets to support 1520x1264.
[2014.07.06-00.41.27:059][135]LogActorComponent: UnregisterComponent: (/Engine/Transient.ProjectileMovementComponent_3) Not registered. Aborting.
[2014.07.06-00.41.27:093][136]LogParticles: Destroying 0 GPU particle simulations for FXSystem 0x0000001F6E2B93A0
[2014.07.06-00.42.04:799][956]LogContentBrowser:Verbose: The content browser source was changed by the sources view to '/Game/Props/Materials'
[2014.07.06-00.42.06:898][ 44]LogContentBrowser:Verbose: The content browser source was changed by the sources view to '/Game/Props'
[2014.07.06-00.42.18:114][497]LogLinker:Warning: Asset 'C:/Users/Chris/Documents/Unreal Projects/MyProject3/Content/Props/SM_MatPreviewMesh_02.uasset' has been saved with empty engine version. The asset will be loaded but may be incompatible.
[2014.07.06-00.42.37:283][209]LogLinker:Warning: Can't find file '/Game/Blueprints/proj'
[2014.07.06-00.42.37:283][209]LogLinker:Warning: Can't find file '/Game/Blueprints/proj'
[2014.07.06-00.42.37:283][209]LogUObjectGlobals:Warning: Failed to find object 'Object /Game/Blueprints/proj.proj'
[2014.07.06-00.42.52:677][105]LogActorComponent: UnregisterComponent: (/Engine/Transient.ProjectileMovementComponent_4) Not registered. Aborting.
[2014.07.06-00.43.34:681][551]BlueprintLog: New page: Compile proj
[2014.07.06-00.43.35:052][551]BlueprintEditorCompileResults: Info [0387.36] Compile of proj successful! [in 0 ms]
[2014.07.06-00.43.35:762][584]Cmd: OBJ SAVEPACKAGE PACKAGE="/Game/Blueprints/proj" FILE="C:/Users/Chris/Documents/Unreal Projects/MyProject3/Content/Blueprints/proj.uasset" SILENT=true
[2014.07.06-00.43.36:027][584]LogSavePackage: Save=262.683807ms
[2014.07.06-00.43.36:027][584]LogSavePackage: Moving 'C:/Users/Chris/Documents/Unreal Projects/MyProject3/Saved/projA19693BE43520BFD1188A4BB2482547B.tmp' to 'C:/Users/Chris/Documents/Unreal Projects/MyProject3/Content/Blueprints/proj.uasset'
[2014.07.06-00.43.40:472][759]LogContentBrowser:Verbose: The content browser source was changed by the sources view to '/Game/Blueprints'
[2014.07.06-00.43.57:688][607]LogPrimitiveComponent: Zero scaling not supported (/Game/Maps/Minimal_Default.Minimal_Default:PersistentLevel.proj_12.StaticMesh1)
[2014.07.06-00.44.12:295][220]LogPrimitiveComponent: Zero scaling not supported (/Game/Maps/Minimal_Default.Minimal_Default:PersistentLevel.proj_12.StaticMesh1)
[2014.07.06-00.44.12:798][241]LogPrimitiveComponent: Zero scaling not supported (/Game/Maps/Minimal_Default.Minimal_Default:PersistentLevel.proj_12.StaticMesh1)
[2014.07.06-00.44.13:693][278]LogPrimitiveComponent: Zero scaling not supported (/Game/Maps/Minimal_Default.Minimal_Default:PersistentLevel.proj_12.StaticMesh1)
[2014.07.06-00.44.13:835][284]LogPrimitiveComponent: Zero scaling not supported (/Game/Maps/Minimal_Default.Minimal_Default:PersistentLevel.proj_12.StaticMesh1)
[2014.07.06-00.44.14:692][320]LogPrimitiveComponent: Zero scaling not supported (/Game/Maps/Minimal_Default.Minimal_Default:PersistentLevel.proj_12.StaticMesh1)
[2014.07.06-00.44.14:810][325]LogPrimitiveComponent: Zero scaling not supported (/Game/Maps/Minimal_Default.Minimal_Default:PersistentLevel.proj_12.StaticMesh1)
[2014.07.06-00.44.15:333][347]LogPrimitiveComponent: Zero scaling not supported (/Game/Maps/Minimal_Default.Minimal_Default:PersistentLevel.proj_12.StaticMesh1)
[2014.07.06-00.44.15:380][349]LogPrimitiveComponent: Zero scaling not supported (/Game/Maps/Minimal_Default.Minimal_Default:PersistentLevel.proj_12.StaticMesh1)
[2014.07.06-00.44.15:502][354]LogPrimitiveComponent: Zero scaling not supported (/Game/Maps/Minimal_Default.Minimal_Default:PersistentLevel.proj_12.StaticMesh1)
[2014.07.06-00.44.16:222][384]LogPrimitiveComponent: Zero scaling not supported (/Game/Maps/Minimal_Default.Minimal_Default:PersistentLevel.proj_12.StaticMesh1)
[2014.07.06-00.44.16:933][414]LogPrimitiveComponent: Zero scaling not supported (/Game/Maps/Minimal_Default.Minimal_Default:PersistentLevel.proj_12.StaticMesh1)
[2014.07.06-00.44.17:620][443]LogPrimitiveComponent: Zero scaling not supported (/Game/Maps/Minimal_Default.Minimal_Default:PersistentLevel.proj_12.StaticMesh1)
[2014.07.06-00.44.17:856][453]LogPrimitiveComponent: Zero scaling not supported (/Game/Maps/Minimal_Default.Minimal_Default:PersistentLevel.proj_12.StaticMesh1)
[2014.07.06-00.44.17:927][456]LogPrimitiveComponent: Zero scaling not supported (/Game/Maps/Minimal_Default.Minimal_Default:PersistentLevel.proj_12.StaticMesh1)
[2014.07.06-00.44.18:518][481]LogPrimitiveComponent: Zero scaling not supported (/Game/Maps/Minimal_Default.Minimal_Default:PersistentLevel.proj_12.StaticMesh1)
[2014.07.06-00.44.19:645][528]LogPrimitiveComponent: Zero scaling not supported (/Game/Maps/Minimal_Default.Minimal_Default:PersistentLevel.proj_12.StaticMesh1)
[2014.07.06-00.44.21:300][597]LogPrimitiveComponent: Zero scaling not supported (/Game/Maps/Minimal_Default.Minimal_Default:PersistentLevel.proj_12.StaticMesh1)
[2014.07.06-00.44.22:580][650]LogPrimitiveComponent: Zero scaling not supported (/Game/Maps/Minimal_Default.Minimal_Default:PersistentLevel.proj_12.StaticMesh1)
[2014.07.06-00.44.39:673][498]LogUnrealMath: Expression Error : Unrecognized Operator
[2014.07.06-00.44.39:674][498]LogPrimitiveComponent: Zero scaling not supported (/Game/Maps/Minimal_Default.Minimal_Default:PersistentLevel.proj_12.StaticMesh1)
[2014.07.06-00.44.39:674][498]LogPrimitiveComponent: Zero scaling not supported (/Game/Maps/Minimal_Default.Minimal_Default:PersistentLevel.proj_12.StaticMesh1)
[2014.07.06-00.44.39:674][498]LogPrimitiveComponent: Zero scaling not supported (/Game/Maps/Minimal_Default.Minimal_Default:PersistentLevel.proj_12.StaticMesh1)
[2014.07.06-00.44.39:674][498]LogPrimitiveComponent: Zero scaling not supported (/Game/Maps/Minimal_Default.Minimal_Default:PersistentLevel.proj_12.StaticMesh1)
[2014.07.06-00.44.43:375][755]LogUnrealMath: Expression Error : Unrecognized Operator
[2014.07.06-00.44.43:375][755]LogPrimitiveComponent: Zero scaling not supported (/Game/Maps/Minimal_Default.Minimal_Default:PersistentLevel.proj_12.StaticMesh1)
[2014.07.06-00.44.43:375][755]LogPrimitiveComponent: Zero scaling not supported (/Game/Maps/Minimal_Default.Minimal_Default:PersistentLevel.proj_12.StaticMesh1)
[2014.07.06-00.44.43:375][755]LogPrimitiveComponent: Zero scaling not supported (/Game/Maps/Minimal_Default.Minimal_Default:PersistentLevel.proj_12.StaticMesh1)
[2014.07.06-00.44.43:375][755]LogPrimitiveComponent: Zero scaling not supported (/Game/Maps/Minimal_Default.Minimal_Default:PersistentLevel.proj_12.StaticMesh1)
[2014.07.06-00.44.43:453][756]LogEditorViewport: Clicking on Actor (LMB): StaticMeshActor (Floor)
[2014.07.06-00.44.57:341][337]Cmd: TRANSACTION UNDO
[2014.07.06-00.44.57:341][337]LogEditorTransaction: Undo Clicking on Actors
[2014.07.06-00.44.57:347][337]LogActorComponent: UnregisterComponent: (/Engine/Transient.ProjectileMovementComponent_6) Not registered. Aborting.
[2014.07.06-00.44.57:347][337]LogActorComponent: UnregisterComponent: (/Engine/Transient.ProjectileMovementComponent_7) Not registered. Aborting.
[2014.07.06-00.44.57:349][337]LogPrimitiveComponent: Zero scaling not supported (/Game/Maps/Minimal_Default.Minimal_Default:PersistentLevel.proj_12.StaticMesh1)
[2014.07.06-00.44.57:349][337]LogPrimitiveComponent: Zero scaling not supported (/Game/Maps/Minimal_Default.Minimal_Default:PersistentLevel.proj_12.StaticMesh1)
[2014.07.06-00.44.59:252][411]Cmd: TRANSACTION UNDO
[2014.07.06-00.44.59:252][411]LogEditorTransaction: Undo Set actor scale
[2014.07.06-00.44.59:276][411]LogPrimitiveComponent: Zero scaling not supported (/Game/Maps/Minimal_Default.Minimal_Default:PersistentLevel.proj_12.StaticMesh1)
[2014.07.06-00.44.59:276][411]LogUObjectHash:Warning: Ambiguous search, could be StaticMeshComponent /Game/Maps/Minimal_Default.Minimal_Default:PersistentLevel.proj_12.StaticMesh1 or StaticMeshComponent /Game/Maps/Minimal_Default.Minimal_Default:PersistentLevel.proj_12.StaticMesh1
[2014.07.06-00.44.59:276][411]LogPrimitiveComponent: Zero scaling not supported (/Game/Maps/Minimal_Default.Minimal_Default:PersistentLevel.proj_12.StaticMesh1)
[2014.07.06-00.44.59:281][411]LogActorComponent: UnregisterComponent: (/Engine/Transient.ProjectileMovementComponent_8) Not registered. Aborting.
[2014.07.06-00.44.59:281][411]LogActorComponent: UnregisterComponent: (/Engine/Transient.ProjectileMovementComponent_9) Not registered. Aborting.
[2014.07.06-00.44.59:283][411]LogPrimitiveComponent: Zero scaling not supported (/Game/Maps/Minimal_Default.Minimal_Default:PersistentLevel.proj_12.StaticMesh1)
[2014.07.06-00.44.59:283][411]LogPrimitiveComponent: Zero scaling not supported (/Game/Maps/Minimal_Default.Minimal_Default:PersistentLevel.proj_12.StaticMesh1)
[2014.07.06-00.45.36:035][981]LogEditorViewport: Clicking on Actor (LMB): StaticMeshActor (Floor)
[2014.07.06-00.45.36:873][ 15]LogEditorViewport: Clicking on Actor (LMB): proj_C (proj)
[2014.07.06-00.45.53:649][941]LogSlate:Warning: GetFontFace failed to load or process 'Roboto-Regular'
[2014.07.06-00.45.53:649][941]LogSlate:Warning: GetFontFace failed to load or process 'Roboto-Regular'
[2014.07.06-00.45.53:651][941]LogSlate:Warning: GetFontFace failed to load or process 'Roboto-Regular'
[2014.07.06-00.45.53:651][941]LogSlate:Warning: GetFontFace failed to load or process 'Roboto-Regular'
[2014.07.06-00.45.53:651][941]LogSlate:Warning: GetFontFace failed to load or process 'Roboto-Regular'
[2014.07.06-00.45.53:651][941]LogSlate:Warning: GetFontFace failed to load or process 'Roboto-Regular'
[2014.07.06-00.45.53:651][941]LogSlate:Warning: GetFontFace failed to load or process 'Roboto-Regular'
[2014.07.06-00.45.53:651][941]LogSlate:Warning: GetFontFace failed to load or process 'Roboto-Regular'
[2014.07.06-00.45.53:651][941]LogSlate:Warning: GetFontFace failed to load or process 'Roboto-Regular'
[2014.07.06-00.45.53:651][941]LogSlate:Warning: GetFontFace failed to load or process 'Roboto-Regular'
[2014.07.06-00.45.53:651][941]LogSlate:Warning: GetFontFace failed to load or process 'Roboto-Regular'
[2014.07.06-00.45.53:651][941]LogSlate:Warning: GetFontFace failed to load or process 'Roboto-Regular'
[2014.07.06-00.45.53:651][941]LogSlate:Warning: GetFontFace failed to load or process 'Roboto-Regular'
[2014.07.06-00.45.53:651][941]LogSlate:Warning: GetFontFace failed to load or process 'Roboto-Regular'
[2014.07.06-00.45.53:651][941]LogSlate:Warning: GetFontFace failed to load or process 'Roboto-Regular'
[2014.07.06-00.45.53:651][941]LogSlate:Warning: GetFontFace failed to load or process 'Roboto-Regular'
[2014.07.06-00.45.53:651][941]LogSlate:Warning: GetFontFace failed to load or process 'Roboto-Regular'
[2014.07.06-00.45.53:651][941]LogSlate:Warning: GetFontFace failed to load or process 'Roboto-Regular'
[2014.07.06-00.47.07:183][618]BlueprintLog: New page: Compile TemplateRoom2
[2014.07.06-00.47.07:216][618]LogActorComponent: UnregisterComponent: (/Engine/Transient.ProjectileMovementComponent_10) Not registered. Aborting.
[2014.07.06-00.47.07:216][618]LogActorComponent: UnregisterComponent: (/Engine/Transient.ProjectileMovementComponent_11) Not registered. Aborting.
[2014.07.06-00.47.07:720][618]BlueprintEditorCompileResults: Info [0599.86] Compile of TemplateRoom2 successful! [in 2 ms]
[2014.07.06-00.47.12:238][803]BlueprintLog: New page: Pre-PIE auto-recompile
[2014.07.06-00.47.12:240][803]LogPlayLevel: [PIE] Compiling Blueprint_Projectile before PIE...
[2014.07.06-00.47.12:764][803]LogPlayLevel: [PIE] Compiling proj before PIE...
[2014.07.06-00.47.13:313][803]LogPlayLevel: [PIE] Compiling TemplateRoom2 before PIE...
[2014.07.06-00.47.13:871][803]LogPlayLevel: PIE:  Blueprint regeneration took 1631 ms (3 blueprints)
[2014.07.06-00.47.13:871][803]PIE: New page: PIE session: Minimal_Default (Jul 5, 2014, 2:47:13 PM)
[2014.07.06-00.47.13:873][803]LogBlueprint:Warning: FMemberReference::ResolveMember (GetTransform) bSelfContext == true, but no scope supplied!
[2014.07.06-00.47.13:873][803]LogBlueprint:Warning: FMemberReference::ResolveMember (GetTransform) bSelfContext == true, but no scope supplied!
[2014.07.06-00.47.13:873][803]LogBlueprint:Warning: FMemberReference::ResolveMember (GetTransform) bSelfContext == true, but no scope supplied!
[2014.07.06-00.47.13:873][803]LogBlueprint:Warning: FMemberReference::ResolveMember (GetTransform) bSelfContext == true, but no scope supplied!
[2014.07.06-00.47.13:873][803]LogPlayLevel: PIE: StaticDuplicateObject took: (0.002418s)
[2014.07.06-00.47.13:874][803]LogPlayLevel: PIE: World Init took: (0.000726s)
[2014.07.06-00.47.13:874][803]LogPlayLevel: PIE: Created PIE world by copying editor world from /Game/Maps/Minimal_Default.Minimal_Default to /Game/Maps/UEDPIE_0_Minimal_Default.Minimal_Default (0.003296s)
[2014.07.06-00.47.13:874][803]LogWorld: Game class is 'GameMode'
[2014.07.06-00.47.13:900][803]LogWorld: Bringing World /Game/Maps/UEDPIE_0_Minimal_Default.Minimal_Default up for play (max tick rate 0) at 2014.07.05-19.47.13
[2014.07.06-00.47.13:900][803]LogWorld: Bringing up level for play took: 0.001158
[2014.07.06-00.47.13:901][803]LogPlayerController: Spawned spectator SpectatorPawn_1 [server:1]
[2014.07.06-00.47.13:901][803]LogGameMode: RestartPlayer 257
[2014.07.06-00.47.13:901][803]LogPlayerController: ClientRestart_Implementation DefaultPawn_1
[2014.07.06-00.47.13:901][803]LogPlayerController: ServerAcknowledgePossession_Implementation DefaultPawn_1
[2014.07.06-00.47.13:902][803]PIE: Info Play in editor start time for /Game/Maps/UEDPIE_0_Minimal_Default 1.796
[2014.07.06-00.47.25:363][682]LogActorComponent: UnregisterComponent: (/Engine/Transient.ProjectileMovementComponent_12) Not registered. Aborting.
[2014.07.06-00.47.25:363][682]LogActorComponent: UnregisterComponent: (/Engine/Transient.ProjectileMovementComponent_13) Not registered. Aborting.
[2014.07.06-00.47.25:403][683]LogParticles: Destroying 0 GPU particle simulations for FXSystem 0x0000001F0DC66FC0
[2014.07.06-00.47.30:610][880]LogSavePackage: Save=542.204651ms
[2014.07.06-00.47.30:610][880]LogSavePackage: Moving 'C:/Users/Chris/Documents/Unreal Projects/MyProject3/Saved/Minimal_Default_Auto19CD87A6F4186BAB099DA5882FEFD5E6B.tmp' to 'C:/Users/Chris/Documents/Unreal Projects/MyProject3/Saved/Autosaves/Game/Maps/Minimal_Default_Auto1.umap'
[2014.07.06-00.47.30:615][880]LogFileHelpers: Editor autosave (incl. sublevels) for '/Game/Maps/Minimal_Default' took 0.584
[2014.07.06-00.47.30:615][880]LogFileHelpers: Editor autosave (incl. sublevels) for all levels took 0.584
[2014.07.06-00.47.30:623][880]OBJ SavePackage: Generating thumbnails for [1] asset(s) in package [/Game/Blueprints/Blueprint_Projectile] ([1] browsable assets)...
[2014.07.06-00.47.30:635][880]OBJ SavePackage:     Rendered thumbnail for [Blueprint /Game/Blueprints/Blueprint_Projectile.Blueprint_Projectile]
[2014.07.06-00.47.30:635][880]OBJ SavePackage: Finished generating thumbnails for package [/Game/Blueprints/Blueprint_Projectile]
[2014.07.06-00.47.30:953][880]LogSavePackage: Save=293.770355ms
[2014.07.06-00.47.30:953][880]LogSavePackage: Moving 'C:/Users/Chris/Documents/Unreal Projects/MyProject3/Saved/Blueprint_Projectile_Auto1F429D7A549546D584C8AFA9961C69568.tmp' to 'C:/Users/Chris/Documents/Unreal Projects/MyProject3/Saved/Autosaves/Game/Blueprints/Blueprint_Projectile_Auto1.uasset'
[2014.07.06-00.47.30:966][880]OBJ SavePackage: Generating thumbnails for [1] asset(s) in package [/Game/Blueprints/proj] ([1] browsable assets)...
[2014.07.06-00.47.30:987][880]OBJ SavePackage:     Rendered thumbnail for [Blueprint /Game/Blueprints/proj.proj]
[2014.07.06-00.47.30:987][880]OBJ SavePackage: Finished generating thumbnails for package [/Game/Blueprints/proj]
[2014.07.06-00.47.30:989][880]Cmd: OBJ SAVEPACKAGE PACKAGE="/Game/Blueprints/proj" FILE="C:/Users/Chris/Documents/Unreal Projects/MyProject3/Saved/Autosaves/Game/Blueprints/proj_Auto1.uasset" SILENT=false AUTOSAVING=true
[2014.07.06-00.47.31:277][880]LogSavePackage: Save=268.782227ms
[2014.07.06-00.47.31:277][880]LogSavePackage: Moving 'C:/Users/Chris/Documents/Unreal Projects/MyProject3/Saved/proj_Auto18B7F44E4469201FB65630CBDD6035259.tmp' to 'C:/Users/Chris/Documents/Unreal Projects/MyProject3/Saved/Autosaves/Game/Blueprints/proj_Auto1.uasset'
[2014.07.06-00.47.31:281][880]LogFileHelpers: Auto-saving content packages took 0.667
[2014.07.06-00.47.32:162][923]BlueprintLog: New page: Pre-PIE auto-recompile
[2014.07.06-00.47.32:164][923]LogPlayLevel: [PIE] Compiling TemplateRoom2 before PIE...
[2014.07.06-00.47.32:678][923]LogActorComponent: UnregisterComponent: (/Engine/Transient.ProjectileMovementComponent_14) Not registered. Aborting.
[2014.07.06-00.47.32:678][923]LogActorComponent: UnregisterComponent: (/Engine/Transient.ProjectileMovementComponent_15) Not registered. Aborting.
[2014.07.06-00.47.32:699][923]LogPlayLevel: PIE:  Blueprint regeneration took 537 ms (1 blueprints)
[2014.07.06-00.47.32:700][923]PIE: New page: PIE session: Minimal_Default (Jul 5, 2014, 2:47:32 PM)
[2014.07.06-00.47.32:702][923]LogBlueprint:Warning: FMemberReference::ResolveMember (GetTransform) bSelfContext == true, but no scope supplied!
[2014.07.06-00.47.32:702][923]LogBlueprint:Warning: FMemberReference::ResolveMember (GetTransform) bSelfContext == true, but no scope supplied!
[2014.07.06-00.47.32:702][923]LogBlueprint:Warning: FMemberReference::ResolveMember (GetTransform) bSelfContext == true, but no scope supplied!
[2014.07.06-00.47.32:702][923]LogBlueprint:Warning: FMemberReference::ResolveMember (GetTransform) bSelfContext == true, but no scope supplied!
[2014.07.06-00.47.32:702][923]LogPlayLevel: PIE: StaticDuplicateObject took: (0.002425s)
[2014.07.06-00.47.32:702][923]LogPlayLevel: PIE: World Init took: (0.000388s)
[2014.07.06-00.47.32:703][923]LogPlayLevel: PIE: Created PIE world by copying editor world from /Game/Maps/Minimal_Default.Minimal_Default to /Game/Maps/UEDPIE_0_Minimal_Default.Minimal_Default (0.002959s)
[2014.07.06-00.47.32:703][923]LogWorld: Game class is 'GameMode'
[2014.07.06-00.47.32:731][923]LogWorld: Bringing World /Game/Maps/UEDPIE_0_Minimal_Default.Minimal_Default up for play (max tick rate 0) at 2014.07.05-19.47.32
[2014.07.06-00.47.32:731][923]LogWorld: Bringing up level for play took: 0.001134
[2014.07.06-00.47.32:732][923]LogPlayerController: Spawned spectator SpectatorPawn_2 [server:1]
[2014.07.06-00.47.32:732][923]LogGameMode: RestartPlayer 258
[2014.07.06-00.47.32:732][923]LogPlayerController: ClientRestart_Implementation DefaultPawn_2
[2014.07.06-00.47.32:732][923]LogPlayerController: ServerAcknowledgePossession_Implementation DefaultPawn_2
[2014.07.06-00.47.32:733][923]PIE: Info Play in editor start time for /Game/Maps/UEDPIE_0_Minimal_Default 0.627
[2014.07.06-00.47.39:306][426]LogParticles: Destroying 0 GPU particle simulations for FXSystem 0x0000001F05F7D9E0
[2014.07.06-00.47.52:857][ 26]LogActorComponent: UnregisterComponent: (/Engine/Transient.ProjectileMovementComponent_16) Not registered. Aborting.
[2014.07.06-00.47.52:857][ 26]LogActorComponent: UnregisterComponent: (/Engine/Transient.ProjectileMovementComponent_17) Not registered. Aborting.
[2014.07.06-00.47.55:268][120]LogActorComponent: UnregisterComponent: (/Engine/Transient.ProjectileMovementComponent_18) Not registered. Aborting.
[2014.07.06-00.47.57:510][208]LogActorComponent: UnregisterComponent: (/Engine/Transient.ProjectileMovementComponent_19) Not registered. Aborting.
[2014.07.06-00.48.01:093][361]BlueprintLog: New page: Compile proj
[2014.07.06-00.48.01:130][361]LogActorComponent: UnregisterComponent: (/Engine/Transient.ProjectileMovementComponent_20) Not registered. Aborting.
[2014.07.06-00.48.01:636][361]BlueprintEditorCompileResults: Info [0653.77] Compile of proj successful! [in 0 ms]
[2014.07.06-00.48.02:097][385]Cmd: OBJ SAVEPACKAGE PACKAGE="/Game/Blueprints/proj" FILE="C:/Users/Chris/Documents/Unreal Projects/MyProject3/Content/Blueprints/proj.uasset" SILENT=true
[2014.07.06-00.48.02:362][385]LogSavePackage: Save=261.587769ms
[2014.07.06-00.48.02:362][385]LogSavePackage: Moving 'C:/Users/Chris/Documents/Unreal Projects/MyProject3/Saved/proj4F5E4B494C4286FCC60CB4BCE0E570DA.tmp' to 'C:/Users/Chris/Documents/Unreal Projects/MyProject3/Content/Blueprints/proj.uasset'
[2014.07.06-00.48.06:118][554]BlueprintLog: New page: Pre-PIE auto-recompile
[2014.07.06-00.48.06:120][554]LogPlayLevel: [PIE] Compiling TemplateRoom2 before PIE...
[2014.07.06-00.48.06:636][554]LogActorComponent: UnregisterComponent: (/Engine/Transient.ProjectileMovementComponent_21) Not registered. Aborting.
[2014.07.06-00.48.06:658][554]LogPlayLevel: PIE:  Blueprint regeneration took 539 ms (1 blueprints)
[2014.07.06-00.48.06:658][554]PIE: New page: PIE session: Minimal_Default (Jul 5, 2014, 2:48:06 PM)
[2014.07.06-00.48.06:660][554]LogBlueprint:Warning: FMemberReference::ResolveMember (GetTransform) bSelfContext == true, but no scope supplied!
[2014.07.06-00.48.06:660][554]LogBlueprint:Warning: FMemberReference::ResolveMember (GetTransform) bSelfContext == true, but no scope supplied!
[2014.07.06-00.48.06:660][554]LogBlueprint:Warning: FMemberReference::ResolveMember (GetTransform) bSelfContext == true, but no scope supplied!
[2014.07.06-00.48.06:660][554]LogBlueprint:Warning: FMemberReference::ResolveMember (GetTransform) bSelfContext == true, but no scope supplied!
[2014.07.06-00.48.06:660][554]LogPlayLevel: PIE: StaticDuplicateObject took: (0.002263s)
[2014.07.06-00.48.06:661][554]LogPlayLevel: PIE: World Init took: (0.000438s)
[2014.07.06-00.48.06:661][554]LogPlayLevel: PIE: Created PIE world by copying editor world from /Game/Maps/Minimal_Default.Minimal_Default to /Game/Maps/UEDPIE_0_Minimal_Default.Minimal_Default (0.002857s)
[2014.07.06-00.48.06:661][554]LogWorld: Game class is 'GameMode'
[2014.07.06-00.48.06:689][554]LogWorld: Bringing World /Game/Maps/UEDPIE_0_Minimal_Default.Minimal_Default up for play (max tick rate 0) at 2014.07.05-19.48.06
[2014.07.06-00.48.06:689][554]LogWorld: Bringing up level for play took: 0.001189
[2014.07.06-00.48.06:690][554]LogPlayerController: Spawned spectator SpectatorPawn_3 [server:1]
[2014.07.06-00.48.06:690][554]LogGameMode: RestartPlayer 259
[2014.07.06-00.48.06:690][554]LogPlayerController: ClientRestart_Implementation DefaultPawn_3
[2014.07.06-00.48.06:690][554]LogPlayerController: ServerAcknowledgePossession_Implementation DefaultPawn_3
[2014.07.06-00.48.06:691][554]PIE: Info Play in editor start time for /Game/Maps/UEDPIE_0_Minimal_Default 0.585
[2014.07.06-00.48.19:641][527]LogParticles: Destroying 0 GPU particle simulations for FXSystem 0x0000001F0CB136A0
[2014.07.06-00.49.05:371][604]Cmd: OBJ SAVEPACKAGE PACKAGE="/Game/Blueprints/proj" FILE="C:/Users/Chris/Documents/Unreal Projects/MyProject3/Content/Blueprints/proj.uasset" SILENT=true
[2014.07.06-00.49.05:385][604]LogSavePackage: Save=10.572289ms
[2014.07.06-00.49.05:385][604]LogSavePackage: Moving 'C:/Users/Chris/Documents/Unreal Projects/MyProject3/Saved/projC831CD4046BACA87255E0E8F02651A2C.tmp' to 'C:/Users/Chris/Documents/Unreal Projects/MyProject3/Content/Blueprints/proj.uasset'
[2014.07.06-00.49.08:150][729]MapCheck: New page: Map Check
[2014.07.06-00.49.08:172][729]Cmd: MAP REBUILD ALLVISIBLE
[2014.07.06-00.49.08:172][729]LogEditorServer: Rebuildmap Clear paths rebuilt
[2014.07.06-00.49.08:178][729]LogInstancedFoliage: Map Rebuilt - Update all BSP painted foliage!
[2014.07.06-00.49.08:181][729]LightingResults: New page: Lighting Build - Jul 5, 2014, 2:49:08 PM
[2014.07.06-00.49.11:239][729]LogStaticLightingSystem:Warning: No importance volume found, so the scene bounding box was used.  You can optimize your scene's quality and lighting build times by adding importance volumes.
[2014.07.06-00.49.11:243][729]LogStaticLightingSystem: Running Lightmass w/ ImmediateImport mode ENABLED
[2014.07.06-00.49.11:243][729]LogStaticLightingSystem: Running Lightmass w/ ImmediateProcess mode ENABLED
[2014.07.06-00.49.11:243][729]LogStaticLightingSystem: Running Lightmass w/ Sorting mode ENABLED
[2014.07.06-00.49.11:243][729]LogStaticLightingSystem: Running Lightmass w/ Mapping paddings ENABLED
[2014.07.06-00.49.11:243][729]LogStaticLightingSystem: Running Lightmass w/ Mapping debug paddings DISABLED
[2014.07.06-00.49.11:303][729]LogEditorBuildUtils: Build time 0:00:03
[2014.07.06-00.49.11:412][732]LogActorComponent: UnregisterComponent: (/Engine/Transient.ProjectileMovementComponent_22) Not registered. Aborting.
[2014.07.06-00.49.11:412][732]LogActorComponent: UnregisterComponent: (/Engine/Transient.ProjectileMovementComponent_23) Not registered. Aborting.
[2014.07.06-00.49.12:192][751]Job is a success!
[2014.07.06-00.49.12:271][753]LogTexture:Display: Building textures: HQ_Lightmap0_1 (AutoDXT)
[2014.07.06-00.49.12:286][753]LogTexture:Display: Building textures: LQ_Lightmap_0_2 (DXT1)
[2014.07.06-00.49.12:291][753]LogTexture:Display: Building textures: HQ_Lightmap0_2 (AutoDXT)
[2014.07.06-00.49.12:298][753]LogTexture:Display: Building textures: LQ_Lightmap_0_1 (DXT1)
[2014.07.06-00.49.12:316][753]LogTexture:Display: Building textures: ShadowMapTexture2D_0 (BGRA8)
[2014.07.06-00.49.12:319][753]LogTexture:Display: Building textures: ShadowMapTexture2D_1 (BGRA8)
[2014.07.06-00.49.12:336][753]Lightmass on CHRIS-RIG: 564 ms total, 91 ms importing, 0 ms setup, 169 ms photons, 294 ms processing, 0 ms extra exporting [3/3 mappings]. Threads: 1.40 sec total, 319 ms processing.
[2014.07.06-00.49.12:352][753]LogStaticLightingSystem:Warning: Illumination: 4.14 sec (55 ms encoding lightmaps)
[2014.07.06-00.49.12:352][753]LogStaticLightingSystem: Lightmap texture memory:  0.1 MB (0.1 MB streaming, 0.0 MB non-streaming), 4 textures
[2014.07.06-00.49.12:352][753]LogStaticLightingSystem: Shadowmap texture memory: 0.0 MB (0.0 MB streaming, 0.0 MB non-streaming), 2 textures
[2014.07.06-00.49.13:275][754]Cmd: MAP CHECK NOTIFYRESULTS
[2014.07.06-00.49.13:275][754]MapCheck: New page: Minimal_Default - Jul 5, 2014, 2:49:13 PM
[2014.07.06-00.49.13:315][754]MapCheck: Info ========== Map Check: 0 Error(s), 0 Warning(s), [40.468ms] ==========
[2014.07.06-00.49.15:169][925]LogEditorViewport: Clicking on Actor (LMB): proj_C (proj)
[2014.07.06-00.49.22:821][609]LogEditorViewport: Clicking on Actor (LMB): proj_C (proj)
[2014.07.06-00.49.26:456][767]BlueprintLog: New page: Pre-PIE auto-recompile
[2014.07.06-00.49.26:457][767]LogPlayLevel: [PIE] Compiling TemplateRoom2 before PIE...
[2014.07.06-00.49.26:984][767]LogPlayLevel: PIE:  Blueprint regeneration took 528 ms (1 blueprints)
[2014.07.06-00.49.26:984][767]PIE: New page: PIE session: Minimal_Default (Jul 5, 2014, 2:49:26 PM)
[2014.07.06-00.49.26:986][767]LogBlueprint:Warning: FMemberReference::ResolveMember (GetTransform) bSelfContext == true, but no scope supplied!
[2014.07.06-00.49.26:986][767]LogBlueprint:Warning: FMemberReference::ResolveMember (GetTransform) bSelfContext == true, but no scope supplied!
[2014.07.06-00.49.26:987][767]LogBlueprint:Warning: FMemberReference::ResolveMember (GetTransform) bSelfContext == true, but no scope supplied!
[2014.07.06-00.49.26:987][767]LogBlueprint:Warning: FMemberReference::ResolveMember (GetTransform) bSelfContext == true, but no scope supplied!
[2014.07.06-00.49.26:987][767]LogPlayLevel: PIE: StaticDuplicateObject took: (0.002267s)
[2014.07.06-00.49.26:987][767]LogPlayLevel: PIE: World Init took: (0.000808s)
[2014.07.06-00.49.26:988][767]LogPlayLevel: PIE: Created PIE world by copying editor world from /Game/Maps/Minimal_Default.Minimal_Default to /Game/Maps/UEDPIE_0_Minimal_Default.Minimal_Default (0.003230s)
[2014.07.06-00.49.26:988][767]LogWorld: Game class is 'GameMode'
[2014.07.06-00.49.27:014][767]LogWorld: Bringing World /Game/Maps/UEDPIE_0_Minimal_Default.Minimal_Default up for play (max tick rate 0) at 2014.07.05-19.49.27
[2014.07.06-00.49.27:014][767]LogWorld: Bringing up level for play took: 0.001193
[2014.07.06-00.49.27:015][767]LogPlayerController: Spawned spectator SpectatorPawn_4 [server:1]
[2014.07.06-00.49.27:015][767]LogGameMode: RestartPlayer 260
[2014.07.06-00.49.27:015][767]LogPlayerController: ClientRestart_Implementation DefaultPawn_4
[2014.07.06-00.49.27:015][767]LogPlayerController: ServerAcknowledgePossession_Implementation DefaultPawn_4
[2014.07.06-00.49.27:016][767]PIE: Info Play in editor start time for /Game/Maps/UEDPIE_0_Minimal_Default 0.91
[2014.07.06-00.49.33:522][261]LogParticles: Destroying 0 GPU particle simulations for FXSystem 0x0000001F015DC540
[2014.07.06-00.52.10:578][842]LogEpicStorage:Warning: ReadFile request failed. File request already pending for filename=http://cdn.unrealengine.com/newsfeed/blueprint_icon_b.png
[2014.07.06-00.52.10:579][842]LogEpicStorage:Warning: ReadFile request failed. File request already pending for filename=http://cdn.unrealengine.com/newsfeed/blueprint_icon_b.png
[2014.07.06-00.55.02:182][805]Cmd: OBJ SAVEPACKAGE PACKAGE="/Game/Blueprints/proj" FILE="C:/Users/Chris/Documents/Unreal Projects/MyProject3/Content/Blueprints/proj.uasset" SILENT=true
[2014.07.06-00.55.02:201][805]LogSavePackage: Save=11.547864ms
[2014.07.06-00.55.02:201][805]LogSavePackage: Moving 'C:/Users/Chris/Documents/Unreal Projects/MyProject3/Saved/proj26BFD28B472D85F226ADEDAC1990B4CB.tmp' to 'C:/Users/Chris/Documents/Unreal Projects/MyProject3/Content/Blueprints/proj.uasset'
[2014.07.06-00.55.04:504][912]BlueprintLog: New page: Compile proj
[2014.07.06-00.55.04:541][912]LogActorComponent: UnregisterComponent: (/Engine/Transient.ProjectileMovementComponent_24) Not registered. Aborting.
[2014.07.06-00.55.04:541][912]LogActorComponent: UnregisterComponent: (/Engine/Transient.ProjectileMovementComponent_25) Not registered. Aborting.
[2014.07.06-00.55.05:044][912]BlueprintEditorCompileResults: Info [1077.18] Compile of proj successful! [in 0 ms]
[2014.07.06-00.55.07:717][ 32]LogActorComponent: UnregisterComponent: (/Engine/Transient.ProjectileMovementComponent_26) Not registered. Aborting.
[2014.07.06-00.55.08:326][ 32]LogSavePackage: Save=585.261536ms
[2014.07.06-00.55.08:326][ 32]LogSavePackage: Moving 'C:/Users/Chris/Documents/Unreal Projects/MyProject3/Saved/Minimal_Default6048B9064A257E7776FD4CA62D11489D.tmp' to 'C:/Users/Chris/Documents/Unreal Projects/MyProject3/Content/Maps/Minimal_Default.umap'
[2014.07.06-00.55.09:745][ 95]MapCheck: New page: Map Check
[2014.07.06-00.55.09:768][ 95]Cmd: MAP REBUILD ALLVISIBLE
[2014.07.06-00.55.09:768][ 95]LogEditorServer: Rebuildmap Clear paths rebuilt
[2014.07.06-00.55.09:773][ 95]LogInstancedFoliage: Map Rebuilt - Update all BSP painted foliage!
[2014.07.06-00.55.09:776][ 95]LightingResults: New page: Lighting Build - Jul 5, 2014, 2:55:09 PM
[2014.07.06-00.55.14:340][ 95]LogStaticLightingSystem:Warning: No importance volume found, so the scene bounding box was used.  You can optimize your scene's quality and lighting build times by adding importance volumes.
[2014.07.06-00.55.14:346][ 95]LogStaticLightingSystem: Running Lightmass w/ ImmediateImport mode ENABLED
[2014.07.06-00.55.14:346][ 95]LogStaticLightingSystem: Running Lightmass w/ ImmediateProcess mode ENABLED
[2014.07.06-00.55.14:346][ 95]LogStaticLightingSystem: Running Lightmass w/ Sorting mode ENABLED
[2014.07.06-00.55.14:346][ 95]LogStaticLightingSystem: Running Lightmass w/ Mapping paddings ENABLED
[2014.07.06-00.55.14:346][ 95]LogStaticLightingSystem: Running Lightmass w/ Mapping debug paddings DISABLED
[2014.07.06-00.55.14:386][ 95]LogEditorBuildUtils: Build time 0:00:04
[2014.07.06-00.55.15:257][116]Job is a success!
[2014.07.06-00.55.15:332][118]LogTexture:Display: Building textures: HQ_Lightmap1_1 (AutoDXT)
[2014.07.06-00.55.15:347][118]LogTexture:Display: Building textures: LQ_Lightmap_1_2 (DXT1)
[2014.07.06-00.55.15:353][118]LogTexture:Display: Building textures: HQ_Lightmap1_2 (AutoDXT)
[2014.07.06-00.55.15:359][118]LogTexture:Display: Building textures: LQ_Lightmap_1_1 (DXT1)
[2014.07.06-00.55.15:376][118]LogTexture:Display: Building textures: ShadowMapTexture2D_2 (BGRA8)
[2014.07.06-00.55.15:379][118]LogTexture:Display: Building textures: ShadowMapTexture2D_3 (BGRA8)
[2014.07.06-00.55.15:396][118]Lightmass on CHRIS-RIG: 565 ms total, 89 ms importing, 0 ms setup, 173 ms photons, 285 ms processing, 0 ms extra exporting [3/3 mappings]. Threads: 1.36 sec total, 297 ms processing.
[2014.07.06-00.55.15:398][118]LogStaticLightingSystem:Warning: Illumination: 5.59 sec (55 ms encoding lightmaps)
[2014.07.06-00.55.15:398][118]LogStaticLightingSystem: Lightmap texture memory:  0.1 MB (0.1 MB streaming, 0.0 MB non-streaming), 4 textures
[2014.07.06-00.55.15:398][118]LogStaticLightingSystem: Shadowmap texture memory: 0.0 MB (0.0 MB streaming, 0.0 MB non-streaming), 4 textures
[2014.07.06-00.55.16:375][119]Cmd: MAP CHECK NOTIFYRESULTS
[2014.07.06-00.55.16:375][119]MapCheck: New page: Minimal_Default - Jul 5, 2014, 2:55:16 PM
[2014.07.06-00.55.16:414][119]MapCheck: Info ========== Map Check: 0 Error(s), 0 Warning(s), [38.483ms] ==========
[2014.07.06-00.55.32:155][791]LogEditorViewport: Clicking on Actor (LMB): BP_Sky_Sphere_C (BP_Sky_Sphere)
[2014.07.06-00.55.33:832][865]BlueprintLog: New page: Pre-PIE auto-recompile
[2014.07.06-00.55.33:833][865]LogPlayLevel: [PIE] Compiling TemplateRoom2 before PIE...
[2014.07.06-00.55.34:361][865]LogPlayLevel: PIE:  Blueprint regeneration took 529 ms (1 blueprints)
[2014.07.06-00.55.34:361][865]PIE: New page: PIE session: Minimal_Default (Jul 5, 2014, 2:55:34 PM)
[2014.07.06-00.55.34:363][865]LogBlueprint:Warning: FMemberReference::ResolveMember (GetTransform) bSelfContext == true, but no scope supplied!
[2014.07.06-00.55.34:363][865]LogBlueprint:Warning: FMemberReference::ResolveMember (GetTransform) bSelfContext == true, but no scope supplied!
[2014.07.06-00.55.34:363][865]LogBlueprint:Warning: FMemberReference::ResolveMember (GetTransform) bSelfContext == true, but no scope supplied!
[2014.07.06-00.55.34:363][865]LogBlueprint:Warning: FMemberReference::ResolveMember (GetTransform) bSelfContext == true, but no scope supplied!
[2014.07.06-00.55.34:364][865]LogPlayLevel: PIE: StaticDuplicateObject took: (0.002076s)
[2014.07.06-00.55.34:364][865]LogPlayLevel: PIE: World Init took: (0.000406s)
[2014.07.06-00.55.34:364][865]LogPlayLevel: PIE: Created PIE world by copying editor world from /Game/Maps/Minimal_Default.Minimal_Default to /Game/Maps/UEDPIE_0_Minimal_Default.Minimal_Default (0.002601s)
[2014.07.06-00.55.34:364][865]LogWorld: Game class is 'GameMode'
[2014.07.06-00.55.34:394][865]LogWorld: Bringing World /Game/Maps/UEDPIE_0_Minimal_Default.Minimal_Default up for play (max tick rate 0) at 2014.07.05-19.55.34
[2014.07.06-00.55.34:394][865]LogWorld: Bringing up level for play took: 0.001186
[2014.07.06-00.55.34:395][865]LogPlayerController: Spawned spectator SpectatorPawn_5 [server:1]
[2014.07.06-00.55.34:395][865]LogGameMode: RestartPlayer 261
[2014.07.06-00.55.34:395][865]LogPlayerController: ClientRestart_Implementation DefaultPawn_5
[2014.07.06-00.55.34:395][865]LogPlayerController: ServerAcknowledgePossession_Implementation DefaultPawn_5
[2014.07.06-00.55.34:396][865]PIE: Info Play in editor start time for /Game/Maps/UEDPIE_0_Minimal_Default 0.29
[2014.07.06-00.55.41:543][385]LogParticles: Destroying 0 GPU particle simulations for FXSystem 0x0000001F081345E0
[2014.07.06-00.55.43:316][466]BlueprintLog: New page: Pre-PIE auto-recompile
[2014.07.06-00.55.43:318][466]LogPlayLevel: [PIE] Compiling TemplateRoom2 before PIE...
[2014.07.06-00.55.43:856][466]LogPlayLevel: PIE:  Blueprint regeneration took 538 ms (1 blueprints)
[2014.07.06-00.55.43:856][466]PIE: New page: PIE session: Minimal_Default (Jul 5, 2014, 2:55:43 PM)
[2014.07.06-00.55.43:859][466]LogBlueprint:Warning: FMemberReference::ResolveMember (GetTransform) bSelfContext == true, but no scope supplied!
[2014.07.06-00.55.43:859][466]LogBlueprint:Warning: FMemberReference::ResolveMember (GetTransform) bSelfContext == true, but no scope supplied!
[2014.07.06-00.55.43:859][466]LogBlueprint:Warning: FMemberReference::ResolveMember (GetTransform) bSelfContext == true, but no scope supplied!
[2014.07.06-00.55.43:859][466]LogBlueprint:Warning: FMemberReference::ResolveMember (GetTransform) bSelfContext == true, but no scope supplied!
[2014.07.06-00.55.43:859][466]LogPlayLevel: PIE: StaticDuplicateObject took: (0.002694s)
[2014.07.06-00.55.43:859][466]LogPlayLevel: PIE: World Init took: (0.000503s)
[2014.07.06-00.55.43:859][466]LogPlayLevel: PIE: Created PIE world by copying editor world from /Game/Maps/Minimal_Default.Minimal_Default to /Game/Maps/UEDPIE_0_Minimal_Default.Minimal_Default (0.003326s)
[2014.07.06-00.55.43:859][466]LogWorld: Game class is 'GameMode'
[2014.07.06-00.55.43:888][466]LogWorld: Bringing World /Game/Maps/UEDPIE_0_Minimal_Default.Minimal_Default up for play (max tick rate 0) at 2014.07.05-19.55.43
[2014.07.06-00.55.43:888][466]LogWorld: Bringing up level for play took: 0.001151
[2014.07.06-00.55.43:889][466]LogPlayerController: Spawned spectator SpectatorPawn_6 [server:1]
[2014.07.06-00.55.43:889][466]LogGameMode: RestartPlayer 262
[2014.07.06-00.55.43:889][466]LogPlayerController: ClientRestart_Implementation DefaultPawn_6
[2014.07.06-00.55.43:889][466]LogPlayerController: ServerAcknowledgePossession_Implementation DefaultPawn_6
[2014.07.06-00.55.43:890][466]PIE: Info Play in editor start time for /Game/Maps/UEDPIE_0_Minimal_Default -0.216
[2014.07.06-00.55.47:845][756]LogParticles: Destroying 0 GPU particle simulations for FXSystem 0x0000001F02FF63E0
[2014.07.06-00.55.58:227][199]Cmd: OBJ SAVEPACKAGE PACKAGE="/Game/Blueprints/Blueprint_Projectile" FILE="C:/Users/Chris/Documents/Unreal Projects/MyProject3/Content/Blueprints/Blueprint_Projectile.uasset" SILENT=true
[2014.07.06-00.55.58:247][199]LogSavePackage: Save=11.512197ms
[2014.07.06-00.55.58:247][199]LogSavePackage: Moving 'C:/Users/Chris/Documents/Unreal Projects/MyProject3/Saved/Blueprint_Projectile7BFCC98E4C3B58048CAF548F7A66E266.tmp' to 'C:/Users/Chris/Documents/Unreal Projects/MyProject3/Content/Blueprints/Blueprint_Projectile.uasset'
[2014.07.06-00.56.07:143][585]BlueprintLog: New page: Compile TemplateRoom2
[2014.07.06-00.56.07:172][585]LogActorComponent: UnregisterComponent: (/Engine/Transient.ProjectileMovementComponent_27) Not registered. Aborting.
[2014.07.06-00.56.07:172][585]LogActorComponent: UnregisterComponent: (/Engine/Transient.ProjectileMovementComponent_28) Not registered. Aborting.
[2014.07.06-00.56.07:671][585]BlueprintEditorCompileResults: Info [1139.82] Compile of TemplateRoom2 successful! [in 2 ms]
[2014.07.06-00.56.33:513][688]BlueprintLog: New page: Compile TemplateRoom2
[2014.07.06-00.56.34:047][688]BlueprintEditorCompileResults: Info [1166.19] Compile of TemplateRoom2 successful! [in 2 ms]
[2014.07.06-00.56.36:932][817]BlueprintLog: New page: Pre-PIE auto-recompile
[2014.07.06-00.56.36:934][817]LogPlayLevel: [PIE] Compiling TemplateRoom2 before PIE...
[2014.07.06-00.56.37:478][817]LogPlayLevel: PIE:  Blueprint regeneration took 545 ms (1 blueprints)
[2014.07.06-00.56.37:478][817]PIE: New page: PIE session: Minimal_Default (Jul 5, 2014, 2:56:37 PM)
[2014.07.06-00.56.37:481][817]LogBlueprint:Warning: FMemberReference::ResolveMember (GetTransform) bSelfContext == true, but no scope supplied!
[2014.07.06-00.56.37:481][817]LogBlueprint:Warning: FMemberReference::ResolveMember (GetTransform) bSelfContext == true, but no scope supplied!
[2014.07.06-00.56.37:481][817]LogBlueprint:Warning: FMemberReference::ResolveMember (GetTransform) bSelfContext == true, but no scope supplied!
[2014.07.06-00.56.37:481][817]LogBlueprint:Warning: FMemberReference::ResolveMember (GetTransform) bSelfContext == true, but no scope supplied!
[2014.07.06-00.56.37:481][817]LogPlayLevel: PIE: StaticDuplicateObject took: (0.002701s)
[2014.07.06-00.56.37:482][817]LogPlayLevel: PIE: World Init took: (0.000852s)
[2014.07.06-00.56.37:482][817]LogPlayLevel: PIE: Created PIE world by copying editor world from /Game/Maps/Minimal_Default.Minimal_Default to /Game/Maps/UEDPIE_0_Minimal_Default.Minimal_Default (0.003710s)
[2014.07.06-00.56.37:482][817]LogWorld: Game class is 'GameMode'
[2014.07.06-00.56.37:513][817]LogWorld: Bringing World /Game/Maps/UEDPIE_0_Minimal_Default.Minimal_Default up for play (max tick rate 0) at 2014.07.05-19.56.37
[2014.07.06-00.56.37:513][817]LogWorld: Bringing up level for play took: 0.001148
[2014.07.06-00.56.37:514][817]LogPlayerController: Spawned spectator SpectatorPawn_7 [server:1]
[2014.07.06-00.56.37:514][817]LogGameMode: RestartPlayer 263
[2014.07.06-00.56.37:514][817]LogPlayerController: ClientRestart_Implementation DefaultPawn_7
[2014.07.06-00.56.37:514][817]LogPlayerController: ServerAcknowledgePossession_Implementation DefaultPawn_7
[2014.07.06-00.56.37:515][817]PIE: Info Play in editor start time for /Game/Maps/UEDPIE_0_Minimal_Default 1.409
[2014.07.06-00.56.42:090][144]LogParticles: Destroying 0 GPU particle simulations for FXSystem 0x0000001F02FF6160
[2014.07.06-00.57.33:945][363]LogSavePackage: Save=576.020020ms
[2014.07.06-00.57.33:945][363]LogSavePackage: Moving 'C:/Users/Chris/Documents/Unreal Projects/MyProject3/Saved/Minimal_Default4E872EDB40BCD40145347FBB5DBFE0FC.tmp' to 'C:/Users/Chris/Documents/Unreal Projects/MyProject3/Content/Maps/Minimal_Default.umap'
[2014.07.06-00.57.49:154][265]Cmd: CLOSE_SLATE_MAINFRAME
[2014.07.06-00.57.49:608][266]Cmd: QUIT_EDITOR
[2014.07.06-00.57.49:672][266]LogWindowsTextInputMethodSystem:Error: Terminating failed while unadvising the language notification sink from the TSF source.
[2014.07.06-00.57.49:674][266]LogExit: Preparing to exit.
[2014.07.06-00.57.50:765][266]LogExit: Editor shut down
[2014.07.06-00.57.50:766][266]LogExit: Transaction tracking system shut down
[2014.07.06-00.57.50:767][266]LogParticles: Destroying 0 GPU particle simulations for FXSystem 0x0000001F6DF84FE0
[2014.07.06-00.57.50:767][266]LogParticles: Destroying 0 GPU particle simulations for FXSystem 0x0000001F05F7F420
[2014.07.06-00.57.50:767][266]LogParticles: Destroying 0 GPU particle simulations for FXSystem 0x0000001F6FB29620
[2014.07.06-00.57.50:767][266]LogParticles: Destroying 0 GPU particle simulations for FXSystem 0x0000001F6CC6C2C0
[2014.07.06-00.57.50:767][266]LogParticles: Destroying 0 GPU particle simulations for FXSystem 0x0000001F6E891440
[2014.07.06-00.57.50:768][266]LogParticles: Destroying 0 GPU particle simulations for FXSystem 0x0000001F013EA5C0
[2014.07.06-00.57.50:782][266]LogExit: Object subsystem successfully closed.
[2014.07.06-00.57.50:801][266]LogModuleManager: Shutting down and abandoning module AndroidDeviceDetection (163)
[2014.07.06-00.57.50:801][266]LogModuleManager: Shutting down and abandoning module CrashTracker (162)
[2014.07.06-00.57.50:801][266]LogModuleManager: Shutting down and abandoning module HTTP (161)
[2014.07.06-00.57.50:801][266]LogModuleManager: Shutting down and abandoning module NewsFeed (160)
[2014.07.06-00.57.50:801][266]LogModuleManager: Shutting down and abandoning module SceneOutliner (159)
[2014.07.06-00.57.50:801][266]LogModuleManager: Shutting down and abandoning module EditorWidgets (158)
[2014.07.06-00.57.50:801][266]LogModuleManager: Shutting down and abandoning module CollectionManager (157)
[2014.07.06-00.57.50:801][266]LogModuleManager: Shutting down and abandoning module StatsViewer (156)
[2014.07.06-00.57.50:801][266]LogModuleManager: Shutting down and abandoning module FoliageEdit (155)
[2014.07.06-00.57.50:801][266]LogModuleManager: Shutting down and abandoning module LandscapeEditor (154)
[2014.07.06-00.57.50:804][266]LogModuleManager: Shutting down and abandoning module MeshPaint (153)
[2014.07.06-00.57.50:804][266]LogModuleManager: Shutting down and abandoning module ActorPickerMode (152)
[2014.07.06-00.57.50:804][266]LogModuleManager: Shutting down and abandoning module GeometryMode (151)
[2014.07.06-00.57.50:804][266]LogModuleManager: Shutting down and abandoning module TextureAlignMode (150)
[2014.07.06-00.57.50:804][266]LogModuleManager: Shutting down and abandoning module BspMode (149)
[2014.07.06-00.57.50:804][266]LogModuleManager: Shutting down and abandoning module PlacementMode (148)
[2014.07.06-00.57.50:804][266]LogModuleManager: Shutting down and abandoning module AutomationWorker (147)
[2014.07.06-00.57.50:804][266]LogModuleManager: Shutting down and abandoning module ViewportSnapping (146)
[2014.07.06-00.57.50:804][266]LogModuleManager: Shutting down and abandoning module DeviceProfileEditor (145)
[2014.07.06-00.57.50:804][266]LogModuleManager: Shutting down and abandoning module UndoHistory (144)
[2014.07.06-00.57.50:804][266]LogModuleManager: Shutting down and abandoning module GameplayTagsEditor (143)
[2014.07.06-00.57.50:804][266]LogModuleManager: Shutting down and abandoning module UserFeedback (142)
[2014.07.06-00.57.50:804][266]LogModuleManager: Shutting down and abandoning module XmlParser (141)
[2014.07.06-00.57.50:804][266]LogModuleManager: Shutting down and abandoning module Blutility (140)
[2014.07.06-00.57.50:804][266]LogModuleManager: Shutting down and abandoning module AndroidPlatformEditor (137)
[2014.07.06-00.57.50:804][266]LogModuleManager: Shutting down and abandoning module AndroidRuntimeSettings (136)
[2014.07.06-00.57.50:804][266]LogModuleManager: Shutting down and abandoning module ProjectSettingsViewer (135)
[2014.07.06-00.57.50:804][266]LogModuleManager: Shutting down and abandoning module InputBindingEditor (134)
[2014.07.06-00.57.50:804][266]LogModuleManager: Shutting down and abandoning module EditorSettingsViewer (133)
[2014.07.06-00.57.50:804][266]LogModuleManager: Shutting down and abandoning module SettingsEditor (132)
[2014.07.06-00.57.50:804][266]LogModuleManager: Shutting down and abandoning module SessionLauncher (131)
[2014.07.06-00.57.50:804][266]LogModuleManager: Shutting down and abandoning module SessionFrontend (130)
[2014.07.06-00.57.50:804][266]LogModuleManager: Shutting down and abandoning module ProfilerClient (129)
[2014.07.06-00.57.50:804][266]LogModuleManager: Shutting down and abandoning module TargetDeviceServices (128)
[2014.07.06-00.57.50:804][266]LogModuleManager: Shutting down and abandoning module DeviceManager (127)
[2014.07.06-00.57.50:804][266]LogModuleManager: Shutting down and abandoning module AutomationController (126)
[2014.07.06-00.57.50:804][266]LogModuleManager: Shutting down and abandoning module AutomationWindow (125)
[2014.07.06-00.57.50:804][266]LogModuleManager: Shutting down and abandoning module Layers (124)
[2014.07.06-00.57.50:804][266]LogModuleManager: Shutting down and abandoning module ComponentVisualizers (123)
[2014.07.06-00.57.50:804][266]LogModuleManager: Shutting down and abandoning module DetailCustomizations (122)
[2014.07.06-00.57.50:804][266]LogModuleManager: Shutting down and abandoning module PackagesDialog (121)
[2014.07.06-00.57.50:804][266]LogModuleManager: Shutting down and abandoning module PropertyEditor (120)
[2014.07.06-00.57.50:804][266]LogModuleManager: Shutting down and abandoning module DirectoryWatcher (119)
[2014.07.06-00.57.50:805][266]LogModuleManager: Shutting down and abandoning module AssetRegistry (118)
[2014.07.06-00.57.50:883][266]LogModuleManager: Shutting down and abandoning module Persona (117)
[2014.07.06-00.57.50:883][266]LogModuleManager: Shutting down and abandoning module GraphEditor (116)
[2014.07.06-00.57.50:883][266]LogModuleManager: Shutting down and abandoning module ContentBrowser (115)
[2014.07.06-00.57.50:883][266]LogModuleManager: Shutting down and abandoning module ClassViewer (114)
[2014.07.06-00.57.50:883][266]LogModuleManager: Shutting down and abandoning module Toolbox (113)
[2014.07.06-00.57.50:883][266]LogModuleManager: Shutting down and abandoning module ModuleUI (112)
[2014.07.06-00.57.50:883][266]LogModuleManager: Shutting down and abandoning module Sequencer (111)
[2014.07.06-00.57.50:883][266]LogModuleManager: Shutting down and abandoning module AssetTools (110)
[2014.07.06-00.57.50:884][266]LogModuleManager: Shutting down and abandoning module MovieSceneTools (109)
[2014.07.06-00.57.50:884][266]LogModuleManager: Shutting down and abandoning module OutputLog (108)
[2014.07.06-00.57.50:884][266]LogModuleManager: Shutting down and abandoning module GammaUI (107)
[2014.07.06-00.57.50:884][266]LogModuleManager: Shutting down and abandoning module Documentation (106)
[2014.07.06-00.57.50:884][266]LogModuleManager: Shutting down and abandoning module StreamingPauseRendering (105)
[2014.07.06-00.57.50:884][266]LogModuleManager: Shutting down and abandoning module AnalyticsET (104)
[2014.07.06-00.57.50:884][266]LogModuleManager: Shutting down and abandoning module Analytics (103)
[2014.07.06-00.57.50:884][266]LogModuleManager: Shutting down and abandoning module ProfilerService (102)
[2014.07.06-00.57.51:013][266]LogModuleManager: Shutting down and abandoning module TaskGraph (101)
[2014.07.06-00.57.51:013][266]LogModuleManager: Shutting down and abandoning module GameProjectGeneration (100)
[2014.07.06-00.57.51:013][266]LogModuleManager: Shutting down and abandoning module Matinee (99)
[2014.07.06-00.57.51:013][266]LogModuleManager: Shutting down and abandoning module Kismet (98)
[2014.07.06-00.57.51:013][266]LogModuleManager: Shutting down and abandoning module SlateReflector (97)
[2014.07.06-00.57.51:013][266]LogModuleManager: Shutting down and abandoning module LevelEditor (96)
[2014.07.06-00.57.51:014][266]LogModuleManager: Shutting down and abandoning module MainFrame (95)
[2014.07.06-00.57.51:014][266]LogModuleManager: Shutting down and abandoning module SourceControl (94)
[2014.07.06-00.57.51:014][266]LogModuleManager: Shutting down and abandoning module ImageWrapper (93)
[2014.07.06-00.57.51:014][266]LogModuleManager: Shutting down and abandoning module OnlineBlueprintSupport (92)
[2014.07.06-00.57.51:014][266]LogModuleManager: Shutting down and abandoning module FunctionalTesting (91)
[2014.07.06-00.57.51:014][266]LogModuleManager: Shutting down and abandoning module CollisionAnalyzer (90)
[2014.07.06-00.57.51:014][266]LogModuleManager: Shutting down and abandoning module WorkspaceMenuStructure (89)
[2014.07.06-00.57.51:014][266]LogModuleManager: Shutting down and abandoning module MessageLog (88)
[2014.07.06-00.57.51:014][266]LogModuleManager: Shutting down and abandoning module Slate (87)
[2014.07.06-00.57.51:014][266]LogModuleManager: Shutting down and abandoning module EditorStyle (86)
[2014.07.06-00.57.51:015][266]LogModuleManager: Shutting down and abandoning module SessionServices (85)
[2014.07.06-00.57.51:015][266]LogModuleManager: Shutting down and abandoning module Messaging (84)
[2014.07.06-00.57.51:015][266]LogModuleManager: Shutting down and abandoning module SourceCodeAccess (83)
[2014.07.06-00.57.51:015][266]LogModuleManager: Shutting down and abandoning module HeadMountedDisplay (82)
[2014.07.06-00.57.51:015][266]LogModuleManager: Shutting down and abandoning module XAudio2 (81)
[2014.07.06-00.57.51:015][266]LogModuleManager: Shutting down and abandoning module Networking (79)
[2014.07.06-00.57.51:015][266]LogModuleManager: Shutting down and abandoning module Core (78)
[2014.07.06-00.57.51:015][266]LogModuleManager: Shutting down and abandoning module KismetCompiler (77)
[2014.07.06-00.57.51:015][266]LogModuleManager: Shutting down and abandoning module PhysXFormats (76)
[2014.07.06-00.57.51:015][266]LogModuleManager: Shutting down and abandoning module SimplygonMeshReduction (75)
[2014.07.06-00.57.51:015][266]LogModuleManager: Shutting down and abandoning module MeshUtilities (74)
[2014.07.06-00.57.51:015][266]LogModuleManager: Shutting down and abandoning module DerivedDataCache (73)
[2014.07.06-00.57.51:032][266]LogDerivedDataCache: Shutdown
[2014.07.06-00.57.51:032][266]LogModuleManager: Shutting down and abandoning module ShaderFormatOpenGL (72)
[2014.07.06-00.57.51:032][266]LogModuleManager: Shutting down and abandoning module ShaderFormatD3D (71)
[2014.07.06-00.57.51:032][266]LogModuleManager: Shutting down and abandoning module TextureFormatUncompressed (70)
[2014.07.06-00.57.51:032][266]LogModuleManager: Shutting down and abandoning module TextureFormatPVR (69)
[2014.07.06-00.57.51:032][266]LogModuleManager: Shutting down and abandoning module TextureFormatDXT (68)
[2014.07.06-00.57.51:032][266]LogModuleManager: Shutting down and abandoning module TextureFormatAndroid (67)
[2014.07.06-00.57.51:032][266]LogModuleManager: Shutting down and abandoning module AudioFormatOpus (66)
[2014.07.06-00.57.51:032][266]LogModuleManager: Shutting down and abandoning module AudioFormatOgg (65)
[2014.07.06-00.57.51:032][266]LogModuleManager: Shutting down and abandoning module AudioFormatADPCM (64)
[2014.07.06-00.57.51:032][266]LogModuleManager: Shutting down and abandoning module Android_PVRTCTargetPlatform (63)
[2014.07.06-00.57.51:032][266]LogModuleManager: Shutting down and abandoning module Android_ETC2TargetPlatform (62)
[2014.07.06-00.57.51:032][266]LogModuleManager: Shutting down and abandoning module Android_ETC1TargetPlatform (61)
[2014.07.06-00.57.51:032][266]LogModuleManager: Shutting down and abandoning module Android_DXTTargetPlatform (60)
[2014.07.06-00.57.51:032][266]LogModuleManager: Shutting down and abandoning module Android_ATCTargetPlatform (59)
[2014.07.06-00.57.51:032][266]LogModuleManager: Shutting down and abandoning module AndroidTargetPlatform (58)
[2014.07.06-00.57.51:032][266]LogModuleManager: Shutting down and abandoning module WindowsTargetPlatform (57)
[2014.07.06-00.57.51:032][266]LogModuleManager: Shutting down and abandoning module WindowsServerTargetPlatform (56)
[2014.07.06-00.57.51:032][266]LogModuleManager: Shutting down and abandoning module WindowsNoEditorTargetPlatform (55)
[2014.07.06-00.57.51:032][266]LogModuleManager: Shutting down and abandoning module WindowsClientTargetPlatform (54)
[2014.07.06-00.57.51:032][266]LogModuleManager: Shutting down and abandoning module TargetPlatform (53)
[2014.07.06-00.57.51:032][266]LogModuleManager: Shutting down and abandoning module InputCore (52)
[2014.07.06-00.57.51:032][266]LogModuleManager: Shutting down and abandoning module Settings (51)
[2014.07.06-00.57.51:032][266]LogModuleManager: Shutting down and abandoning module TextureCompressor (48)
[2014.07.06-00.57.51:032][266]LogModuleManager: Shutting down and abandoning module ShaderCore (47)
[2014.07.06-00.57.51:032][266]LogModuleManager: Shutting down and abandoning module OpenGLDrv (46)
[2014.07.06-00.57.51:032][266]LogModuleManager: Shutting down and abandoning module D3D11RHI (45)
[2014.07.06-00.57.51:032][266]LogModuleManager: Shutting down and abandoning module SlateRHIRenderer (44)
[2014.07.06-00.57.51:032][266]LogModuleManager: Shutting down and abandoning module Renderer (43)
[2014.07.06-00.57.51:032][266]LogModuleManager: Shutting down and abandoning module Engine (42)
[2014.07.06-00.57.51:032][266]LogModuleManager: Shutting down and abandoning module SlateRemote (41)
[2014.07.06-00.57.51:032][266]LogModuleManager: Shutting down and abandoning module ScriptPlugin (40)
[2014.07.06-00.57.51:032][266]LogModuleManager: Shutting down and abandoning module ScriptEditorPlugin (38)
[2014.07.06-00.57.51:032][266]LogModuleManager: Shutting down and abandoning module WindowsMoviePlayer (37)
[2014.07.06-00.57.51:033][266]LogModuleManager: Shutting down and abandoning module ExampleDeviceProfileSelector (32)
[2014.07.06-00.57.51:033][266]LogModuleManager: Shutting down and abandoning module CustomMeshComponent (31)
[2014.07.06-00.57.51:033][266]LogModuleManager: Shutting down and abandoning module CableComponent (30)
[2014.07.06-00.57.51:033][266]LogModuleManager: Shutting down and abandoning module OculusRift (26)
[2014.07.06-00.57.51:033][266]LogModuleManager: Shutting down and abandoning module UdpMessaging (25)
[2014.07.06-00.57.51:134][266]LogModuleManager: Shutting down and abandoning module MessagingDebugger (24)
[2014.07.06-00.57.51:134][266]LogModuleManager: Shutting down and abandoning module PluginsEditor (14)
[2014.07.06-00.57.51:134][266]LogModuleManager: Shutting down and abandoning module IntroTutorials (13)
[2014.07.06-00.57.51:134][266]LogModuleManager: Shutting down and abandoning module EpicSurvey (12)
[2014.07.06-00.57.51:134][266]LogModuleManager: Shutting down and abandoning module VisualStudioSourceCodeAccess (10)
[2014.07.06-00.57.51:134][266]LogModuleManager: Shutting down and abandoning module UObjectPlugin (9)
[2014.07.06-00.57.51:134][266]LogModuleManager: Shutting down and abandoning module SubversionSourceControl (8)
[2014.07.06-00.57.51:134][266]LogModuleManager: Shutting down and abandoning module PerforceSourceControl (7)
[2014.07.06-00.57.51:134][266]LogModuleManager: Shutting down and abandoning module BlankPlugin (6)
[2014.07.06-00.57.51:134][266]LogModuleManager: Shutting down and abandoning module CoreUObject (5)
[2014.07.06-00.57.51:134][266]LogModuleManager: Shutting down and abandoning module NetworkFile (4)
[2014.07.06-00.57.51:134][266]LogModuleManager: Shutting down and abandoning module StreamingFile (3)
[2014.07.06-00.57.51:134][266]LogModuleManager: Shutting down and abandoning module SandboxFile (2)
[2014.07.06-00.57.51:134][266]LogModuleManager: Shutting down and abandoning module PakFile (1)
[2014.07.06-00.57.51:134][266]LogExit: Exiting.
[2014.07.06-00.57.51:136][266]Log file closed, 07/05/14 19:57:51
